TN:
SF:node_modules/@openzeppelin/contracts/access/AccessControl.sol
DA:70,76
FN:70,AccessControl.onlyRole
FNDA:76,AccessControl.onlyRole
DA:71,76
DA:78,1
FN:78,AccessControl.supportsInterface
FNDA:1,AccessControl.supportsInterface
DA:79,1
DA:85,239
FN:85,AccessControl.hasRole
FNDA:239,AccessControl.hasRole
DA:86,1325
DA:97,126
FN:97,AccessControl._checkRole.0
FNDA:126,AccessControl._checkRole.0
DA:98,126
DA:108,126
FN:108,AccessControl._checkRole.1
FNDA:126,AccessControl._checkRole.1
DA:109,126
BRDA:109,0,0,4
DA:110,4
DA:129,32
FN:129,AccessControl.getRoleAdmin
FNDA:32,AccessControl.getRoleAdmin
DA:130,123
DA:145,91
FN:145,AccessControl.grantRole
FNDA:91,AccessControl.grantRole
DA:146,91
DA:160,0
FN:160,AccessControl.revokeRole
FNDA:0,AccessControl.revokeRole
DA:161,0
DA:180,0
FN:180,AccessControl.renounceRole
FNDA:0,AccessControl.renounceRole
DA:181,0
BRDA:181,1,0,-
BRDA:181,1,1,-
DA:183,0
DA:206,24
FN:206,AccessControl._setupRole
FNDA:24,AccessControl._setupRole
DA:207,24
DA:215,32
FN:215,AccessControl._setRoleAdmin
FNDA:32,AccessControl._setRoleAdmin
DA:216,32
DA:217,32
DA:218,32
DA:228,416
FN:228,AccessControl._grantRole
FNDA:416,AccessControl._grantRole
DA:229,416
BRDA:229,2,0,416
DA:230,416
DA:231,416
DA:242,1
FN:242,AccessControl._revokeRole
FNDA:1,AccessControl._revokeRole
DA:243,1
BRDA:243,3,0,1
DA:244,1
DA:245,1
FNF:13
FNH:11
LF:34
LH:29
BRF:5
BRH:3
end_of_record
TN:
SF:node_modules/@openzeppelin/contracts/access/Ownable.sol
DA:28,382
FN:28,Ownable.constructor
FNDA:382,Ownable.constructor
DA:29,382
DA:35,3
FN:35,Ownable.onlyOwner
FNDA:3,Ownable.onlyOwner
DA:36,3
DA:43,0
FN:43,Ownable.owner
FNDA:0,Ownable.owner
DA:44,1308
DA:50,8
FN:50,Ownable._checkOwner
FNDA:8,Ownable._checkOwner
DA:51,8
BRDA:51,0,0,1
BRDA:51,0,1,7
DA:61,0
FN:61,Ownable.renounceOwnership
FNDA:0,Ownable.renounceOwnership
DA:62,0
DA:69,5
FN:69,Ownable.transferOwnership
FNDA:5,Ownable.transferOwnership
DA:70,5
BRDA:70,1,0,0
BRDA:70,1,1,5
DA:71,5
DA:78,387
FN:78,Ownable._transferOwnership
FNDA:387,Ownable._transferOwnership
DA:79,387
DA:80,387
DA:81,387
FNF:7
FNH:5
LF:17
LH:14
BRF:4
BRH:3
end_of_record
TN:
SF:node_modules/@openzeppelin/contracts/governance/Governor.sol
DA:71,0
FN:71,Governor.onlyGovernance
FNDA:0,Governor.onlyGovernance
DA:72,0
BRDA:72,0,0,-
BRDA:72,0,1,-
DA:73,0
BRDA:73,1,0,-
DA:74,0
DA:76,0
DA:84,8
FN:84,Governor.constructor
FNDA:8,Governor.constructor
DA:85,8
DA:91,0
FN:91,Governor.receive
FNDA:0,Governor.receive
DA:92,0
BRDA:92,2,0,-
BRDA:92,2,1,-
DA:98,1
FN:98,Governor.supportsInterface
FNDA:1,Governor.supportsInterface
DA:99,1
DA:101,1
DA:102,1
DA:106,1
DA:107,1
DA:108,1
DA:112,1
DA:116,1
DA:117,1
DA:118,1
DA:119,1
DA:120,1
DA:121,1
DA:127,1
FN:127,Governor.name
FNDA:1,Governor.name
DA:128,1
DA:134,8
FN:134,Governor.version
FNDA:8,Governor.version
DA:135,8
DA:151,0
FN:151,Governor.hashProposal
FNDA:0,Governor.hashProposal
DA:157,4
DA:163,4
FN:163,Governor.state
FNDA:4,Governor.state
DA:164,4
DA:166,0
BRDA:166,3,0,-
DA:167,0
DA:170,0
BRDA:170,4,0,-
DA:171,0
DA:174,4
DA:176,4
BRDA:176,5,0,0
DA:177,0
DA:180,4
DA:182,4
BRDA:182,6,0,1
DA:183,1
DA:186,3
DA:188,3
BRDA:188,7,0,1
DA:189,1
DA:192,2
BRDA:192,8,0,2
BRDA:192,8,1,0
DA:193,2
DA:195,0
DA:202,0
FN:202,Governor.proposalThreshold
FNDA:0,Governor.proposalThreshold
DA:203,0
DA:209,0
FN:209,Governor.proposalSnapshot
FNDA:0,Governor.proposalSnapshot
DA:210,6
DA:216,0
FN:216,Governor.proposalDeadline
FNDA:0,Governor.proposalDeadline
DA:217,3
DA:223,0
FN:223,Governor.proposalProposer
FNDA:0,Governor.proposalProposer
DA:224,0
DA:261,4
FN:261,Governor._defaultParams
FNDA:4,Governor._defaultParams
DA:262,4
DA:268,2
FN:268,Governor.propose
FNDA:2,Governor.propose
DA:274,2
DA:275,2
BRDA:275,9,0,0
BRDA:275,9,1,2
DA:277,2
DA:278,2
BRDA:278,10,0,0
BRDA:278,10,1,2
DA:283,2
DA:285,2
BRDA:285,11,0,0
BRDA:285,11,1,2
DA:286,2
BRDA:286,12,0,0
BRDA:286,12,1,2
DA:287,2
BRDA:287,13,0,0
BRDA:287,13,1,2
DA:288,2
BRDA:288,14,0,0
BRDA:288,14,1,2
DA:290,2
DA:291,2
DA:293,2
DA:303,2
DA:315,2
DA:321,1
FN:321,Governor.execute
FNDA:1,Governor.execute
DA:327,1
DA:329,1
DA:330,1
BRDA:330,15,0,0
BRDA:330,15,1,1
DA:334,1
DA:336,1
DA:338,1
DA:339,1
DA:340,1
DA:342,1
DA:348,0
FN:348,Governor.cancel
FNDA:0,Governor.cancel
DA:354,0
DA:355,0
BRDA:355,16,0,-
BRDA:355,16,1,-
DA:356,0
BRDA:356,17,0,-
BRDA:356,17,1,-
DA:357,0
DA:363,0
FN:363,Governor._execute
FNDA:0,Governor._execute
DA:370,0
DA:371,0
DA:372,0
DA:373,0
DA:380,1
FN:380,Governor._beforeExecute
FNDA:1,Governor._beforeExecute
DA:387,1
BRDA:387,18,0,1
DA:388,1
DA:389,1
BRDA:389,19,0,0
DA:390,0
DA:399,1
FN:399,Governor._afterExecute
FNDA:1,Governor._afterExecute
DA:406,1
BRDA:406,20,0,1
DA:407,1
BRDA:407,21,0,0
DA:408,0
DA:419,0
FN:419,Governor._cancel
FNDA:0,Governor._cancel
DA:425,0
DA:427,0
DA:429,0
BRDA:429,22,0,-
BRDA:429,22,1,-
DA:435,0
DA:437,0
DA:439,0
DA:445,0
FN:445,Governor.getVotes
FNDA:0,Governor.getVotes
DA:446,2
DA:452,0
FN:452,Governor.getVotesWithParams
FNDA:0,Governor.getVotesWithParams
DA:457,0
DA:463,2
FN:463,Governor.castVote
FNDA:2,Governor.castVote
DA:464,2
DA:465,2
DA:471,0
FN:471,Governor.castVoteWithReason
FNDA:0,Governor.castVoteWithReason
DA:476,0
DA:477,0
DA:483,0
FN:483,Governor.castVoteWithReasonAndParams
FNDA:0,Governor.castVoteWithReasonAndParams
DA:489,0
DA:490,0
DA:496,0
FN:496,Governor.castVoteBySig
FNDA:0,Governor.castVoteBySig
DA:503,0
DA:509,0
DA:515,0
FN:515,Governor.castVoteWithReasonAndParamsBySig
FNDA:0,Governor.castVoteWithReasonAndParamsBySig
DA:524,0
DA:541,0
DA:550,2
FN:550,Governor._castVote.0
FNDA:2,Governor._castVote.0
DA:556,2
DA:565,2
FN:565,Governor._castVote.1
FNDA:2,Governor._castVote.1
DA:572,2
DA:573,2
BRDA:573,23,0,1
BRDA:573,23,1,1
DA:575,1
DA:576,1
DA:578,1
BRDA:578,24,0,1
BRDA:578,24,1,0
DA:579,1
DA:581,0
DA:584,1
DA:593,0
FN:593,Governor.relay
FNDA:0,Governor.relay
DA:594,0
DA:595,0
DA:602,0
FN:602,Governor._executor
FNDA:0,Governor._executor
DA:603,0
DA:609,0
FN:609,Governor.onERC721Received
FNDA:0,Governor.onERC721Received
DA:610,0
DA:616,0
FN:616,Governor.onERC1155Received
FNDA:0,Governor.onERC1155Received
DA:623,0
DA:629,0
FN:629,Governor.onERC1155BatchReceived
FNDA:0,Governor.onERC1155BatchReceived
DA:636,0
DA:656,2
FN:656,Governor._isValidDescriptionForProposer
FNDA:2,Governor._isValidDescriptionForProposer
DA:660,2
DA:663,2
BRDA:663,25,0,2
DA:664,2
DA:668,0
DA:676,0
DA:680,0
BRDA:680,26,0,-
DA:681,0
DA:685,0
DA:686,0
DA:687,0
DA:689,0
BRDA:689,27,0,-
DA:690,0
DA:692,0
DA:695,0
DA:702,0
FN:702,Governor._tryHexToUint
FNDA:0,Governor._tryHexToUint
DA:703,0
DA:706,0
BRDA:706,28,0,-
BRDA:706,28,1,-
DA:707,0
DA:710,0
BRDA:710,29,0,-
BRDA:710,29,1,-
DA:711,0
DA:714,0
BRDA:714,30,0,-
BRDA:714,30,1,-
DA:715,0
DA:719,0
FNF:36
FNH:14
LF:173
LH:87
BRF:49
BRH:16
end_of_record
TN:
SF:node_modules/@openzeppelin/contracts/governance/TimelockController.sol
DA:81,8
FN:81,TimelockController.constructor
FNDA:8,TimelockController.constructor
DA:82,8
DA:83,8
DA:84,8
DA:85,8
DA:88,8
DA:91,8
BRDA:91,0,0,8
DA:92,8
DA:96,8
DA:97,0
DA:98,0
DA:102,8
DA:103,8
DA:106,8
DA:107,8
DA:116,0
FN:116,TimelockController.onlyRoleOrOpenRole
FNDA:0,TimelockController.onlyRoleOrOpenRole
DA:117,0
BRDA:117,1,0,-
DA:118,0
DA:131,0
FN:131,TimelockController.supportsInterface
FNDA:0,TimelockController.supportsInterface
DA:132,0
DA:139,0
FN:139,TimelockController.isOperation
FNDA:0,TimelockController.isOperation
DA:140,1
DA:146,1
FN:146,TimelockController.isOperationPending
FNDA:1,TimelockController.isOperationPending
DA:147,1
DA:153,0
FN:153,TimelockController.isOperationReady
FNDA:0,TimelockController.isOperationReady
DA:154,2
DA:155,2
DA:161,1
FN:161,TimelockController.isOperationDone
FNDA:1,TimelockController.isOperationDone
DA:162,1
DA:169,0
FN:169,TimelockController.getTimestamp
FNDA:0,TimelockController.getTimestamp
DA:170,5
DA:178,2
FN:178,TimelockController.getMinDelay
FNDA:2,TimelockController.getMinDelay
DA:179,3
DA:186,0
FN:186,TimelockController.hashOperation
FNDA:0,TimelockController.hashOperation
DA:193,0
DA:200,1
FN:200,TimelockController.hashOperationBatch
FNDA:1,TimelockController.hashOperationBatch
DA:207,3
DA:219,0
FN:219,TimelockController.schedule
FNDA:0,TimelockController.schedule
DA:227,0
DA:228,0
DA:229,0
DA:230,0
BRDA:230,2,0,-
DA:231,0
DA:244,1
FN:244,TimelockController.scheduleBatch
FNDA:1,TimelockController.scheduleBatch
DA:252,1
BRDA:252,3,0,0
BRDA:252,3,1,1
DA:253,1
BRDA:253,4,0,0
BRDA:253,4,1,1
DA:255,1
DA:256,1
DA:257,1
DA:258,1
DA:260,1
BRDA:260,5,0,1
DA:261,1
DA:268,1
FN:268,TimelockController._schedule
FNDA:1,TimelockController._schedule
DA:269,1
BRDA:269,6,0,0
BRDA:269,6,1,1
DA:270,1
BRDA:270,7,0,0
BRDA:270,7,1,1
DA:271,1
DA:281,0
FN:281,TimelockController.cancel
FNDA:0,TimelockController.cancel
DA:282,0
BRDA:282,8,0,-
BRDA:282,8,1,-
DA:285,0
DA:300,0
FN:300,TimelockController.execute
FNDA:0,TimelockController.execute
DA:307,0
DA:309,0
DA:310,0
DA:311,0
DA:312,0
DA:327,1
FN:327,TimelockController.executeBatch
FNDA:1,TimelockController.executeBatch
DA:334,1
BRDA:334,9,0,0
BRDA:334,9,1,1
DA:335,1
BRDA:335,10,0,0
BRDA:335,10,1,1
DA:337,1
DA:339,1
DA:340,1
DA:341,1
DA:342,1
DA:343,1
DA:344,1
DA:345,1
DA:347,1
DA:353,1
FN:353,TimelockController._execute
FNDA:1,TimelockController._execute
DA:354,1
DA:355,1
BRDA:355,11,0,0
BRDA:355,11,1,1
DA:361,1
FN:361,TimelockController._beforeCall
FNDA:1,TimelockController._beforeCall
DA:362,1
BRDA:362,12,0,0
BRDA:362,12,1,1
DA:363,1
BRDA:363,13,0,0
BRDA:363,13,1,1
DA:369,1
FN:369,TimelockController._afterCall
FNDA:1,TimelockController._afterCall
DA:370,1
BRDA:370,14,0,0
BRDA:370,14,1,1
DA:371,1
DA:384,0
FN:384,TimelockController.updateDelay
FNDA:0,TimelockController.updateDelay
DA:385,0
BRDA:385,15,0,-
BRDA:385,15,1,-
DA:386,0
DA:387,0
DA:393,0
FN:393,TimelockController.onERC721Received
FNDA:0,TimelockController.onERC721Received
DA:394,0
DA:400,0
FN:400,TimelockController.onERC1155Received
FNDA:0,TimelockController.onERC1155Received
DA:407,0
DA:413,0
FN:413,TimelockController.onERC1155BatchReceived
FNDA:0,TimelockController.onERC1155BatchReceived
DA:420,0
FNF:24
FNH:11
LF:96
LH:59
BRF:28
BRH:12
end_of_record
TN:
SF:node_modules/@openzeppelin/contracts/governance/extensions/GovernorCountingSimple.sol
DA:36,0
FN:36,GovernorCountingSimple.COUNTING_MODE
FNDA:0,GovernorCountingSimple.COUNTING_MODE
DA:37,0
DA:43,0
FN:43,GovernorCountingSimple.hasVoted
FNDA:0,GovernorCountingSimple.hasVoted
DA:44,0
DA:50,0
FN:50,GovernorCountingSimple.proposalVotes
FNDA:0,GovernorCountingSimple.proposalVotes
DA:53,0
DA:54,0
DA:60,2
FN:60,GovernorCountingSimple._quorumReached
FNDA:2,GovernorCountingSimple._quorumReached
DA:61,2
DA:63,2
DA:69,2
FN:69,GovernorCountingSimple._voteSucceeded
FNDA:2,GovernorCountingSimple._voteSucceeded
DA:70,2
DA:72,2
DA:78,1
FN:78,GovernorCountingSimple._countVote
FNDA:1,GovernorCountingSimple._countVote
DA:85,1
DA:87,1
BRDA:87,0,0,0
BRDA:87,0,1,1
DA:88,1
DA:90,1
BRDA:90,1,0,0
BRDA:90,1,1,0
DA:91,0
DA:92,1
BRDA:92,2,0,1
BRDA:92,2,1,0
DA:93,1
DA:94,0
BRDA:94,3,0,-
BRDA:94,3,1,-
DA:95,0
DA:97,0
FNF:6
FNH:3
LF:24
LH:13
BRF:8
BRH:2
end_of_record
TN:
SF:node_modules/@openzeppelin/contracts/governance/extensions/GovernorSettings.sol
DA:25,8
FN:25,GovernorSettings.constructor
FNDA:8,GovernorSettings.constructor
DA:26,8
DA:27,8
DA:28,8
DA:34,4
FN:34,GovernorSettings.votingDelay
FNDA:4,GovernorSettings.votingDelay
DA:35,4
DA:41,3
FN:41,GovernorSettings.votingPeriod
FNDA:3,GovernorSettings.votingPeriod
DA:42,3
DA:48,3
FN:48,GovernorSettings.proposalThreshold
FNDA:3,GovernorSettings.proposalThreshold
DA:49,3
DA:57,0
FN:57,GovernorSettings.setVotingDelay
FNDA:0,GovernorSettings.setVotingDelay
DA:58,0
DA:66,0
FN:66,GovernorSettings.setVotingPeriod
FNDA:0,GovernorSettings.setVotingPeriod
DA:67,0
DA:75,0
FN:75,GovernorSettings.setProposalThreshold
FNDA:0,GovernorSettings.setProposalThreshold
DA:76,0
DA:84,8
FN:84,GovernorSettings._setVotingDelay
FNDA:8,GovernorSettings._setVotingDelay
DA:85,8
DA:86,8
DA:94,8
FN:94,GovernorSettings._setVotingPeriod
FNDA:8,GovernorSettings._setVotingPeriod
DA:96,8
BRDA:96,0,0,0
BRDA:96,0,1,8
DA:97,8
DA:98,8
DA:106,8
FN:106,GovernorSettings._setProposalThreshold
FNDA:8,GovernorSettings._setProposalThreshold
DA:107,8
DA:108,8
FNF:10
FNH:7
LF:26
LH:20
BRF:2
BRH:1
end_of_record
TN:
SF:node_modules/@openzeppelin/contracts/governance/extensions/GovernorTimelockControl.sol
DA:38,8
FN:38,GovernorTimelockControl.constructor
FNDA:8,GovernorTimelockControl.constructor
DA:39,8
DA:45,1
FN:45,GovernorTimelockControl.supportsInterface
FNDA:1,GovernorTimelockControl.supportsInterface
DA:46,1
DA:52,4
FN:52,GovernorTimelockControl.state
FNDA:4,GovernorTimelockControl.state
DA:53,4
DA:55,4
BRDA:55,0,0,2
DA:56,2
DA:60,2
DA:61,2
BRDA:61,1,0,1
BRDA:61,1,1,0
DA:62,1
DA:63,1
BRDA:63,2,0,0
BRDA:63,2,1,0
DA:64,0
DA:65,1
BRDA:65,3,0,1
BRDA:65,3,1,0
DA:66,1
DA:68,0
DA:75,0
FN:75,GovernorTimelockControl.timelock
FNDA:0,GovernorTimelockControl.timelock
DA:76,0
DA:82,0
FN:82,GovernorTimelockControl.proposalEta
FNDA:0,GovernorTimelockControl.proposalEta
DA:83,0
DA:84,0
DA:90,1
FN:90,GovernorTimelockControl.queue
FNDA:1,GovernorTimelockControl.queue
DA:96,1
DA:98,1
BRDA:98,4,0,0
BRDA:98,4,1,1
DA:100,1
DA:101,1
DA:102,1
DA:104,1
DA:106,1
DA:112,1
FN:112,GovernorTimelockControl._execute
FNDA:1,GovernorTimelockControl._execute
DA:119,1
DA:129,0
FN:129,GovernorTimelockControl._cancel
FNDA:0,GovernorTimelockControl._cancel
DA:135,0
DA:137,0
BRDA:137,5,0,-
DA:138,0
DA:142,0
DA:148,2
FN:148,GovernorTimelockControl._executor
FNDA:2,GovernorTimelockControl._executor
DA:149,2
DA:158,0
FN:158,GovernorTimelockControl.updateTimelock
FNDA:0,GovernorTimelockControl.updateTimelock
DA:159,0
DA:162,8
FN:162,GovernorTimelockControl._updateTimelock
FNDA:8,GovernorTimelockControl._updateTimelock
DA:163,8
DA:164,8
FNF:11
FNH:7
LF:43
LH:29
BRF:10
BRH:4
end_of_record
TN:
SF:node_modules/@openzeppelin/contracts/governance/extensions/GovernorVotes.sol
DA:17,8
FN:17,GovernorVotes.constructor
FNDA:8,GovernorVotes.constructor
DA:18,8
DA:25,8
FN:25,GovernorVotes.clock
FNDA:8,GovernorVotes.clock
DA:26,14
BRDA:26,0,0,14
DA:27,14
DA:28,0
BRDA:28,0,1,-
DA:29,0
DA:37,0
FN:37,GovernorVotes.CLOCK_MODE
FNDA:0,GovernorVotes.CLOCK_MODE
DA:38,0
BRDA:38,1,0,-
DA:39,0
DA:40,0
BRDA:40,1,1,-
DA:41,0
DA:48,3
FN:48,GovernorVotes._getVotes
FNDA:3,GovernorVotes._getVotes
DA:53,3
FNF:4
FNH:3
LF:14
LH:7
BRF:4
BRH:1
end_of_record
TN:
SF:node_modules/@openzeppelin/contracts/governance/extensions/GovernorVotesQuorumFraction.sol
DA:33,8
FN:33,GovernorVotesQuorumFraction.constructor
FNDA:8,GovernorVotesQuorumFraction.constructor
DA:34,8
DA:40,9
FN:40,GovernorVotesQuorumFraction.quorumNumerator.0
FNDA:9,GovernorVotesQuorumFraction.quorumNumerator.0
DA:41,9
DA:47,0
FN:47,GovernorVotesQuorumFraction.quorumNumerator.1
FNDA:0,GovernorVotesQuorumFraction.quorumNumerator.1
DA:49,2
DA:50,2
BRDA:50,0,0,0
DA:51,0
DA:55,2
DA:56,2
BRDA:56,1,0,2
DA:57,2
DA:61,0
DA:67,8
FN:67,GovernorVotesQuorumFraction.quorumDenominator
FNDA:8,GovernorVotesQuorumFraction.quorumDenominator
DA:68,10
DA:74,2
FN:74,GovernorVotesQuorumFraction.quorum
FNDA:2,GovernorVotesQuorumFraction.quorum
DA:75,2
DA:88,0
FN:88,GovernorVotesQuorumFraction.updateQuorumNumerator
FNDA:0,GovernorVotesQuorumFraction.updateQuorumNumerator
DA:89,0
DA:101,8
FN:101,GovernorVotesQuorumFraction._updateQuorumNumerator
FNDA:8,GovernorVotesQuorumFraction._updateQuorumNumerator
DA:102,8
BRDA:102,2,0,0
BRDA:102,2,1,8
DA:107,8
DA:110,8
BRDA:110,3,0,0
DA:111,0
DA:117,8
DA:119,8
FNF:7
FNH:5
LF:25
LH:19
BRF:5
BRH:2
end_of_record
TN:
SF:node_modules/@openzeppelin/contracts/proxy/ERC1967/ERC1967Proxy.sol
DA:22,18
FN:22,ERC1967Proxy.constructor
FNDA:18,ERC1967Proxy.constructor
DA:23,18
DA:29,43
FN:29,ERC1967Proxy._implementation
FNDA:43,ERC1967Proxy._implementation
DA:30,43
FNF:2
FNH:2
LF:4
LH:4
BRF:0
BRH:0
end_of_record
TN:
SF:node_modules/@openzeppelin/contracts/proxy/ERC1967/ERC1967Upgrade.sol
DA:32,45
FN:32,ERC1967Upgrade._getImplementation
FNDA:45,ERC1967Upgrade._getImplementation
DA:33,45
DA:39,19
FN:39,ERC1967Upgrade._setImplementation
FNDA:19,ERC1967Upgrade._setImplementation
DA:40,19
BRDA:40,0,0,0
BRDA:40,0,1,19
DA:41,19
DA:49,19
FN:49,ERC1967Upgrade._upgradeTo
FNDA:19,ERC1967Upgrade._upgradeTo
DA:50,19
DA:51,19
DA:59,19
FN:59,ERC1967Upgrade._upgradeToAndCall
FNDA:19,ERC1967Upgrade._upgradeToAndCall
DA:60,19
DA:61,19
BRDA:61,1,0,18
DA:62,18
DA:71,1
FN:71,ERC1967Upgrade._upgradeToAndCallUUPS
FNDA:1,ERC1967Upgrade._upgradeToAndCallUUPS
DA:75,0
BRDA:75,2,0,-
BRDA:75,2,1,1
DA:76,0
DA:78,1
BRDA:78,3,0,1
DA:79,1
BRDA:79,4,0,0
BRDA:79,4,1,1
DA:80,0
BRDA:80,3,1,-
DA:81,0
DA:83,1
DA:97,0
FN:97,ERC1967Upgrade._getAdmin
FNDA:0,ERC1967Upgrade._getAdmin
DA:98,0
DA:104,0
FN:104,ERC1967Upgrade._setAdmin
FNDA:0,ERC1967Upgrade._setAdmin
DA:105,0
BRDA:105,5,0,-
BRDA:105,5,1,-
DA:106,0
DA:114,0
FN:114,ERC1967Upgrade._changeAdmin
FNDA:0,ERC1967Upgrade._changeAdmin
DA:115,0
DA:116,0
DA:128,0
FN:128,ERC1967Upgrade._getBeacon
FNDA:0,ERC1967Upgrade._getBeacon
DA:129,0
DA:135,0
FN:135,ERC1967Upgrade._setBeacon
FNDA:0,ERC1967Upgrade._setBeacon
DA:136,0
BRDA:136,6,0,-
BRDA:136,6,1,-
DA:137,0
BRDA:137,7,0,-
BRDA:137,7,1,-
DA:141,0
DA:150,0
FN:150,ERC1967Upgrade._upgradeBeaconToAndCall
FNDA:0,ERC1967Upgrade._upgradeBeaconToAndCall
DA:151,0
DA:152,0
DA:153,0
BRDA:153,8,0,-
DA:154,0
FNF:11
FNH:5
LF:39
LH:16
BRF:16
BRH:5
end_of_record
TN:
SF:node_modules/@openzeppelin/contracts/proxy/Proxy.sol
DA:22,43
FN:22,Proxy._delegate
FNDA:43,Proxy._delegate
DA:27,43
DA:31,43
DA:34,43
DA:38,43
DA:39,3
DA:41,40
DA:42,40
DA:58,43
FN:58,Proxy._fallback
FNDA:43,Proxy._fallback
DA:59,43
DA:60,43
DA:67,43
FN:67,Proxy.fallback
FNDA:43,Proxy.fallback
DA:68,43
DA:75,0
FN:75,Proxy.receive
FNDA:0,Proxy.receive
DA:76,0
DA:85,43
FN:85,Proxy._beforeFallback
FNDA:43,Proxy._beforeFallback
FNF:5
FNH:4
LF:16
LH:14
BRF:0
BRH:0
end_of_record
TN:
SF:node_modules/@openzeppelin/contracts/proxy/utils/UUPSUpgradeable.sol
DA:32,2
FN:32,UUPSUpgradeable.onlyProxy
FNDA:2,UUPSUpgradeable.onlyProxy
DA:33,2
BRDA:33,0,0,0
BRDA:33,0,1,0
DA:34,2
BRDA:34,1,0,0
BRDA:34,1,1,0
DA:42,1
FN:42,UUPSUpgradeable.notDelegated
FNDA:1,UUPSUpgradeable.notDelegated
DA:43,1
BRDA:43,2,0,0
BRDA:43,2,1,1
DA:55,1
FN:55,UUPSUpgradeable.proxiableUUID
FNDA:1,UUPSUpgradeable.proxiableUUID
DA:56,1
DA:68,2
FN:68,UUPSUpgradeable.upgradeTo
FNDA:2,UUPSUpgradeable.upgradeTo
DA:69,2
DA:70,1
DA:83,0
FN:83,UUPSUpgradeable.upgradeToAndCall
FNDA:0,UUPSUpgradeable.upgradeToAndCall
DA:84,0
DA:85,0
FNF:5
FNH:4
LF:13
LH:10
BRF:6
BRH:1
end_of_record
TN:
SF:node_modules/@openzeppelin/contracts/security/ReentrancyGuard.sol
DA:39,69
FN:39,ReentrancyGuard.constructor
FNDA:69,ReentrancyGuard.constructor
DA:40,69
DA:50,5165
FN:50,ReentrancyGuard.nonReentrant
FNDA:5165,ReentrancyGuard.nonReentrant
DA:51,5165
DA:53,4906
DA:56,16360
FN:56,ReentrancyGuard._nonReentrantBefore
FNDA:16360,ReentrancyGuard._nonReentrantBefore
DA:58,16360
BRDA:58,0,0,1
BRDA:58,0,1,16359
DA:61,16359
DA:64,15844
FN:64,ReentrancyGuard._nonReentrantAfter
FNDA:15844,ReentrancyGuard._nonReentrantAfter
DA:67,15844
DA:74,0
FN:74,ReentrancyGuard._reentrancyGuardEntered
FNDA:0,ReentrancyGuard._reentrancyGuardEntered
DA:75,0
FNF:5
FNH:4
LF:12
LH:10
BRF:2
BRH:2
end_of_record
TN:
SF:node_modules/@openzeppelin/contracts/token/ERC1155/ERC1155.sol
DA:35,18
FN:35,ERC1155.constructor
FNDA:18,ERC1155.constructor
DA:36,18
DA:42,0
FN:42,ERC1155.supportsInterface
FNDA:0,ERC1155.supportsInterface
DA:43,0
DA:44,0
DA:45,0
DA:46,0
DA:59,0
FN:59,ERC1155.uri
FNDA:0,ERC1155.uri
DA:60,0
DA:70,1
FN:70,ERC1155.balanceOf
FNDA:1,ERC1155.balanceOf
DA:71,1
BRDA:71,0,0,0
BRDA:71,0,1,1
DA:72,1
DA:82,0
FN:82,ERC1155.balanceOfBatch
FNDA:0,ERC1155.balanceOfBatch
DA:86,0
BRDA:86,1,0,-
BRDA:86,1,1,-
DA:88,0
DA:90,0
DA:91,0
DA:94,0
DA:100,0
FN:100,ERC1155.setApprovalForAll
FNDA:0,ERC1155.setApprovalForAll
DA:101,0
DA:107,0
FN:107,ERC1155.isApprovedForAll
FNDA:0,ERC1155.isApprovedForAll
DA:108,0
DA:114,0
FN:114,ERC1155.safeTransferFrom
FNDA:0,ERC1155.safeTransferFrom
DA:121,0
BRDA:121,2,0,-
BRDA:121,2,1,-
DA:125,0
DA:131,0
FN:131,ERC1155.safeBatchTransferFrom
FNDA:0,ERC1155.safeBatchTransferFrom
DA:138,0
BRDA:138,3,0,-
BRDA:138,3,1,-
DA:142,0
DA:157,0
FN:157,ERC1155._safeTransferFrom
FNDA:0,ERC1155._safeTransferFrom
DA:164,0
BRDA:164,4,0,-
BRDA:164,4,1,-
DA:166,0
DA:167,0
DA:168,0
DA:170,0
DA:172,0
DA:173,0
BRDA:173,5,0,-
BRDA:173,5,1,-
DA:175,0
DA:177,0
DA:179,0
DA:181,0
DA:183,0
DA:196,0
FN:196,ERC1155._safeBatchTransferFrom
FNDA:0,ERC1155._safeBatchTransferFrom
DA:203,0
BRDA:203,6,0,-
BRDA:203,6,1,-
DA:204,0
BRDA:204,7,0,-
BRDA:204,7,1,-
DA:206,0
DA:208,0
DA:210,0
DA:211,0
DA:212,0
DA:214,0
DA:215,0
BRDA:215,8,0,-
BRDA:215,8,1,-
DA:217,0
DA:219,0
DA:222,0
DA:224,0
DA:226,0
DA:248,18
FN:248,ERC1155._setURI
FNDA:18,ERC1155._setURI
DA:249,18
DA:263,1
FN:263,ERC1155._mint
FNDA:1,ERC1155._mint
DA:264,1
BRDA:264,9,0,0
BRDA:264,9,1,1
DA:266,1
DA:267,1
DA:268,1
DA:270,1
DA:272,1
DA:273,1
DA:275,1
DA:277,1
DA:291,0
FN:291,ERC1155._mintBatch
FNDA:0,ERC1155._mintBatch
DA:297,0
BRDA:297,10,0,-
BRDA:297,10,1,-
DA:298,0
BRDA:298,11,0,-
BRDA:298,11,1,-
DA:300,0
DA:302,0
DA:304,0
DA:305,0
DA:308,0
DA:310,0
DA:312,0
DA:325,0
FN:325,ERC1155._burn
FNDA:0,ERC1155._burn
DA:326,0
BRDA:326,12,0,-
BRDA:326,12,1,-
DA:328,0
DA:329,0
DA:330,0
DA:332,0
DA:334,0
DA:335,0
BRDA:335,13,0,-
BRDA:335,13,1,-
DA:337,0
DA:340,0
DA:342,0
DA:354,0
FN:354,ERC1155._burnBatch
FNDA:0,ERC1155._burnBatch
DA:355,0
BRDA:355,14,0,-
BRDA:355,14,1,-
DA:356,0
BRDA:356,15,0,-
BRDA:356,15,1,-
DA:358,0
DA:360,0
DA:362,0
DA:363,0
DA:364,0
DA:366,0
DA:367,0
BRDA:367,16,0,-
BRDA:367,16,1,-
DA:369,0
DA:373,0
DA:375,0
DA:383,0
FN:383,ERC1155._setApprovalForAll
FNDA:0,ERC1155._setApprovalForAll
DA:384,0
BRDA:384,17,0,-
BRDA:384,17,1,-
DA:385,0
DA:386,0
DA:409,1
FN:409,ERC1155._beforeTokenTransfer
FNDA:1,ERC1155._beforeTokenTransfer
DA:438,1
FN:438,ERC1155._afterTokenTransfer
FNDA:1,ERC1155._afterTokenTransfer
DA:447,1
FN:447,ERC1155._doSafeTransferAcceptanceCheck
FNDA:1,ERC1155._doSafeTransferAcceptanceCheck
DA:455,1
BRDA:455,18,0,0
DA:456,0
BRDA:456,19,0,-
DA:457,0
BRDA:457,20,0,-
DA:458,0
DA:460,0
BRDA:460,19,1,-
DA:461,0
DA:462,0
BRDA:462,19,2,-
DA:463,0
DA:468,0
FN:468,ERC1155._doSafeBatchTransferAcceptanceCheck
FNDA:0,ERC1155._doSafeBatchTransferAcceptanceCheck
DA:476,0
BRDA:476,21,0,-
DA:477,0
BRDA:477,22,0,-
DA:480,0
BRDA:480,23,0,-
DA:481,0
DA:483,0
BRDA:483,22,1,-
DA:484,0
DA:485,0
BRDA:485,22,2,-
DA:486,0
DA:491,2
FN:491,ERC1155._asSingletonArray
FNDA:2,ERC1155._asSingletonArray
DA:492,2
DA:493,2
DA:495,2
FNF:22
FNH:8
LF:130
LH:25
BRF:46
BRH:2
end_of_record
TN:
SF:node_modules/@openzeppelin/contracts/token/ERC1155/extensions/ERC1155Supply.sol
DA:22,1
FN:22,ERC1155Supply.totalSupply
FNDA:1,ERC1155Supply.totalSupply
DA:23,5
DA:29,0
FN:29,ERC1155Supply.exists
FNDA:0,ERC1155Supply.exists
DA:30,0
DA:36,1
FN:36,ERC1155Supply._beforeTokenTransfer
FNDA:1,ERC1155Supply._beforeTokenTransfer
DA:44,1
DA:46,1
BRDA:46,0,0,1
DA:47,1
DA:48,1
DA:52,1
BRDA:52,1,0,0
DA:53,0
DA:54,0
DA:55,0
DA:56,0
DA:57,0
BRDA:57,2,0,-
BRDA:57,2,1,-
DA:59,0
FNF:3
FNH:2
LF:16
LH:8
BRF:4
BRH:1
end_of_record
TN:
SF:node_modules/@openzeppelin/contracts/token/ERC20/ERC20.sol
DA:54,469
FN:54,ERC20.constructor
FNDA:469,ERC20.constructor
DA:55,469
DA:56,469
DA:62,2
FN:62,ERC20.name
FNDA:2,ERC20.name
DA:63,2
DA:70,1
FN:70,ERC20.symbol
FNDA:1,ERC20.symbol
DA:71,1
DA:87,5
FN:87,ERC20.decimals
FNDA:5,ERC20.decimals
DA:88,5
DA:94,267
FN:94,ERC20.totalSupply
FNDA:267,ERC20.totalSupply
DA:95,13377
DA:101,2341
FN:101,ERC20.balanceOf
FNDA:2341,ERC20.balanceOf
DA:102,2860
DA:113,10063
FN:113,ERC20.transfer
FNDA:10063,ERC20.transfer
DA:114,10063
DA:115,10063
DA:116,10063
DA:122,0
FN:122,ERC20.allowance
FNDA:0,ERC20.allowance
DA:123,21120
DA:136,21632
FN:136,ERC20.approve
FNDA:21632,ERC20.approve
DA:137,21632
DA:138,21632
DA:139,21632
DA:158,21119
FN:158,ERC20.transferFrom
FNDA:21119,ERC20.transferFrom
DA:159,21119
DA:160,21119
DA:161,21119
DA:162,21119
DA:177,0
FN:177,ERC20.increaseAllowance
FNDA:0,ERC20.increaseAllowance
DA:178,0
DA:179,0
DA:180,0
DA:197,0
FN:197,ERC20.decreaseAllowance
FNDA:0,ERC20.decreaseAllowance
DA:198,0
DA:199,0
DA:200,0
BRDA:200,0,0,-
BRDA:200,0,1,-
DA:202,0
DA:205,0
DA:222,31182
FN:222,ERC20._transfer
FNDA:31182,ERC20._transfer
DA:223,31182
BRDA:223,1,0,0
BRDA:223,1,1,31182
DA:224,31182
BRDA:224,2,0,0
BRDA:224,2,1,31182
DA:226,31182
DA:228,31182
DA:229,31182
BRDA:229,3,0,0
BRDA:229,3,1,31182
DA:231,31182
DA:234,31182
DA:237,31182
DA:239,31182
DA:251,27500
FN:251,ERC20._mint
FNDA:27500,ERC20._mint
DA:252,27500
BRDA:252,4,0,0
BRDA:252,4,1,27500
DA:254,27500
DA:256,27500
DA:259,27500
DA:261,27500
DA:263,27500
DA:277,778
FN:277,ERC20._burn
FNDA:778,ERC20._burn
DA:278,778
BRDA:278,5,0,0
BRDA:278,5,1,778
DA:280,778
DA:282,778
DA:283,778
BRDA:283,6,0,0
BRDA:283,6,1,778
DA:285,778
DA:287,778
DA:290,778
DA:292,778
DA:308,42752
FN:308,ERC20._approve
FNDA:42752,ERC20._approve
DA:309,42752
BRDA:309,7,0,0
BRDA:309,7,1,42752
DA:310,42752
BRDA:310,8,0,0
BRDA:310,8,1,42752
DA:312,42752
DA:313,42752
DA:324,21120
FN:324,ERC20._spendAllowance
FNDA:21120,ERC20._spendAllowance
DA:325,21120
DA:326,21120
BRDA:326,9,0,21120
DA:327,21120
BRDA:327,10,0,0
BRDA:327,10,1,21120
DA:329,21120
DA:348,59460
FN:348,ERC20._beforeTokenTransfer
FNDA:59460,ERC20._beforeTokenTransfer
DA:364,59460
FN:364,ERC20._afterTokenTransfer
FNDA:59460,ERC20._afterTokenTransfer
FNF:19
FNH:16
LF:76
LH:65
BRF:21
BRH:10
end_of_record
TN:
SF:node_modules/@openzeppelin/contracts/token/ERC20/extensions/ERC20Burnable.sol
DA:20,257
FN:20,ERC20Burnable.burn
FNDA:257,ERC20Burnable.burn
DA:21,257
DA:35,1
FN:35,ERC20Burnable.burnFrom
FNDA:1,ERC20Burnable.burnFrom
DA:36,1
DA:37,1
FNF:2
FNH:2
LF:5
LH:5
BRF:0
BRH:0
end_of_record
TN:
SF:node_modules/@openzeppelin/contracts/token/ERC20/extensions/ERC20Permit.sol
DA:49,0
FN:49,ERC20Permit.permit
FNDA:0,ERC20Permit.permit
DA:58,0
BRDA:58,0,0,-
BRDA:58,0,1,-
DA:60,0
DA:62,0
DA:64,0
DA:65,0
BRDA:65,1,0,-
BRDA:65,1,1,-
DA:67,0
DA:73,1
FN:73,ERC20Permit.nonces
FNDA:1,ERC20Permit.nonces
DA:74,1
DA:81,0
FN:81,ERC20Permit.DOMAIN_SEPARATOR
FNDA:0,ERC20Permit.DOMAIN_SEPARATOR
DA:82,0
DA:90,0
FN:90,ERC20Permit._useNonce
FNDA:0,ERC20Permit._useNonce
DA:91,0
DA:92,0
DA:93,0
FNF:4
FNH:1
LF:15
LH:2
BRF:4
BRH:0
end_of_record
TN:
SF:node_modules/@openzeppelin/contracts/token/ERC20/extensions/ERC20Votes.sol
DA:43,278
FN:43,ERC20Votes.clock
FNDA:278,ERC20Votes.clock
DA:44,543
DA:51,0
FN:51,ERC20Votes.CLOCK_MODE
FNDA:0,ERC20Votes.CLOCK_MODE
DA:53,0
BRDA:53,0,0,-
BRDA:53,0,1,-
DA:54,0
DA:60,0
FN:60,ERC20Votes.checkpoints
FNDA:0,ERC20Votes.checkpoints
DA:61,0
DA:67,0
FN:67,ERC20Votes.numCheckpoints
FNDA:0,ERC20Votes.numCheckpoints
DA:68,0
DA:74,528
FN:74,ERC20Votes.delegates
FNDA:528,ERC20Votes.delegates
DA:75,1333
DA:81,257
FN:81,ERC20Votes.getVotes
FNDA:257,ERC20Votes.getVotes
DA:82,257
DA:84,257
DA:95,3
FN:95,ERC20Votes.getPastVotes
FNDA:3,ERC20Votes.getPastVotes
DA:96,3
BRDA:96,1,0,0
BRDA:96,1,1,3
DA:97,3
DA:108,2
FN:108,ERC20Votes.getPastTotalSupply
FNDA:2,ERC20Votes.getPastTotalSupply
DA:109,2
BRDA:109,2,0,0
BRDA:109,2,1,2
DA:110,2
DA:116,5
FN:116,ERC20Votes._checkpointsLookup
FNDA:5,ERC20Votes._checkpointsLookup
DA:129,5
DA:131,5
DA:132,5
DA:134,5
BRDA:134,3,0,0
DA:135,0
DA:136,0
BRDA:136,4,0,-
BRDA:136,4,1,-
DA:137,0
DA:139,0
DA:143,10
DA:144,5
DA:145,5
BRDA:145,5,0,2
BRDA:145,5,1,3
DA:146,2
DA:148,3
DA:153,5
DA:160,259
FN:160,ERC20Votes.delegate
FNDA:259,ERC20Votes.delegate
DA:161,259
DA:167,0
FN:167,ERC20Votes.delegateBySig
FNDA:0,ERC20Votes.delegateBySig
DA:175,0
BRDA:175,6,0,-
BRDA:175,6,1,-
DA:176,0
DA:182,0
BRDA:182,7,0,-
BRDA:182,7,1,-
DA:183,0
DA:189,265
FN:189,ERC20Votes._maxSupply
FNDA:265,ERC20Votes._maxSupply
DA:190,265
DA:196,265
FN:196,ERC20Votes._mint
FNDA:265,ERC20Votes._mint
DA:197,265
DA:198,265
BRDA:198,8,0,0
BRDA:198,8,1,265
DA:200,265
DA:206,0
FN:206,ERC20Votes._burn
FNDA:0,ERC20Votes._burn
DA:207,0
DA:209,0
DA:217,537
FN:217,ERC20Votes._afterTokenTransfer
FNDA:537,ERC20Votes._afterTokenTransfer
DA:218,537
DA:220,537
DA:228,259
FN:228,ERC20Votes._delegate
FNDA:259,ERC20Votes._delegate
DA:229,259
DA:230,259
DA:231,259
DA:233,259
DA:235,259
DA:238,796
FN:238,ERC20Votes._moveVotingPower
FNDA:796,ERC20Votes._moveVotingPower
DA:239,796
BRDA:239,9,0,259
DA:240,259
BRDA:240,10,0,0
DA:241,0
DA:242,0
DA:245,259
BRDA:245,11,0,259
DA:246,259
DA:247,259
DA:252,524
FN:252,ERC20Votes._writeCheckpoint
FNDA:524,ERC20Votes._writeCheckpoint
DA:257,524
DA:260,524
DA:262,524
DA:263,524
DA:265,524
BRDA:265,12,0,1
BRDA:265,12,1,523
DA:266,1
DA:268,523
DA:273,524
FN:273,ERC20Votes._add
FNDA:524,ERC20Votes._add
DA:274,524
DA:277,0
FN:277,ERC20Votes._subtract
FNDA:0,ERC20Votes._subtract
DA:278,0
DA:284,10
FN:284,ERC20Votes._unsafeAccess
FNDA:10,ERC20Votes._unsafeAccess
DA:286,10
DA:287,10
FNF:21
FNH:15
LF:83
LH:60
BRF:22
BRH:9
end_of_record
TN:
SF:node_modules/@openzeppelin/contracts/token/ERC20/extensions/ERC4626.sol
DA:59,44
FN:59,ERC4626.constructor
FNDA:44,ERC4626.constructor
DA:60,44
DA:61,44
DA:62,44
DA:68,44
FN:68,ERC4626._tryGetAssetDecimals
FNDA:44,ERC4626._tryGetAssetDecimals
DA:69,44
DA:72,44
BRDA:72,0,0,44
DA:73,44
DA:74,44
BRDA:74,1,0,44
DA:75,44
DA:78,0
DA:88,0
FN:88,ERC4626.decimals
FNDA:0,ERC4626.decimals
DA:89,0
DA:93,1
FN:93,ERC4626.asset
FNDA:1,ERC4626.asset
DA:94,2
DA:98,0
FN:98,ERC4626.totalAssets
FNDA:0,ERC4626.totalAssets
DA:99,1041
DA:103,0
FN:103,ERC4626.convertToShares
FNDA:0,ERC4626.convertToShares
DA:104,0
DA:108,0
FN:108,ERC4626.convertToAssets
FNDA:0,ERC4626.convertToAssets
DA:109,0
DA:113,0
FN:113,ERC4626.maxDeposit
FNDA:0,ERC4626.maxDeposit
DA:114,519
DA:118,0
FN:118,ERC4626.maxMint
FNDA:0,ERC4626.maxMint
DA:119,1
DA:123,0
FN:123,ERC4626.maxWithdraw
FNDA:0,ERC4626.maxWithdraw
DA:124,258
DA:128,0
FN:128,ERC4626.maxRedeem
FNDA:0,ERC4626.maxRedeem
DA:129,1
DA:133,0
FN:133,ERC4626.previewDeposit
FNDA:0,ERC4626.previewDeposit
DA:134,519
DA:138,0
FN:138,ERC4626.previewMint
FNDA:0,ERC4626.previewMint
DA:139,2
DA:143,0
FN:143,ERC4626.previewWithdraw
FNDA:0,ERC4626.previewWithdraw
DA:144,258
DA:148,0
FN:148,ERC4626.previewRedeem
FNDA:0,ERC4626.previewRedeem
DA:149,2
DA:153,519
FN:153,ERC4626.deposit
FNDA:519,ERC4626.deposit
DA:154,519
BRDA:154,2,0,0
BRDA:154,2,1,519
DA:156,519
DA:157,519
DA:159,519
DA:167,1
FN:167,ERC4626.mint
FNDA:1,ERC4626.mint
DA:168,1
BRDA:168,3,0,0
BRDA:168,3,1,1
DA:170,1
DA:171,1
DA:173,1
DA:177,258
FN:177,ERC4626.withdraw
FNDA:258,ERC4626.withdraw
DA:178,258
BRDA:178,4,0,0
BRDA:178,4,1,258
DA:180,258
DA:181,258
DA:183,258
DA:187,1
FN:187,ERC4626.redeem
FNDA:1,ERC4626.redeem
DA:188,1
BRDA:188,5,0,0
BRDA:188,5,1,1
DA:190,1
DA:191,1
DA:193,1
DA:199,777
FN:199,ERC4626._convertToShares
FNDA:777,ERC4626._convertToShares
DA:200,777
DA:206,262
FN:206,ERC4626._convertToAssets
FNDA:262,ERC4626._convertToAssets
DA:207,262
DA:213,520
FN:213,ERC4626._deposit
FNDA:520,ERC4626._deposit
DA:221,520
DA:222,520
DA:224,520
DA:230,259
FN:230,ERC4626._withdraw
FNDA:259,ERC4626._withdraw
DA:237,259
BRDA:237,6,0,0
DA:238,0
DA:247,259
DA:248,259
DA:250,259
DA:253,1039
FN:253,ERC4626._decimalsOffset
FNDA:1039,ERC4626._decimalsOffset
DA:254,0
FNF:24
FNH:12
LF:73
LH:55
BRF:11
BRH:6
end_of_record
TN:
SF:node_modules/@openzeppelin/contracts/token/ERC20/utils/SafeERC20.sol
DA:26,9790
FN:26,SafeERC20.safeTransfer
FNDA:9790,SafeERC20.safeTransfer
DA:27,9790
DA:34,21119
FN:34,SafeERC20.safeTransferFrom
FNDA:21119,SafeERC20.safeTransferFrom
DA:35,21119
DA:45,0
FN:45,SafeERC20.safeApprove
FNDA:0,SafeERC20.safeApprove
DA:49,0
BRDA:49,0,0,-
BRDA:49,0,1,-
DA:53,0
DA:60,0
FN:60,SafeERC20.safeIncreaseAllowance
FNDA:0,SafeERC20.safeIncreaseAllowance
DA:61,0
DA:62,0
DA:69,0
FN:69,SafeERC20.safeDecreaseAllowance
FNDA:0,SafeERC20.safeDecreaseAllowance
DA:71,0
DA:72,0
BRDA:72,1,0,-
BRDA:72,1,1,-
DA:73,0
DA:82,0
FN:82,SafeERC20.forceApprove
FNDA:0,SafeERC20.forceApprove
DA:83,0
DA:85,0
BRDA:85,2,0,-
DA:86,0
DA:87,0
DA:95,0
FN:95,SafeERC20.safePermit
FNDA:0,SafeERC20.safePermit
DA:105,0
DA:106,0
DA:107,0
DA:108,0
BRDA:108,3,0,-
BRDA:108,3,1,-
DA:117,30909
FN:117,SafeERC20._callOptionalReturn
FNDA:30909,SafeERC20._callOptionalReturn
DA:122,30909
DA:123,30909
BRDA:123,4,0,0
BRDA:123,4,1,30909
DA:134,0
FN:134,SafeERC20._callOptionalReturnBool
FNDA:0,SafeERC20._callOptionalReturnBool
DA:139,0
DA:140,0
DA:141,0
FNF:9
FNH:3
LF:31
LH:7
BRF:9
BRH:1
end_of_record
TN:
SF:node_modules/@openzeppelin/contracts/utils/Address.sol
DA:40,38
FN:40,Address.isContract
FNDA:38,Address.isContract
DA:45,38
DA:64,0
FN:64,Address.sendValue
FNDA:0,Address.sendValue
DA:65,0
BRDA:65,0,0,-
BRDA:65,0,1,-
DA:67,0
DA:68,0
BRDA:68,1,0,-
BRDA:68,1,1,-
DA:89,0
FN:89,Address.functionCall.0
FNDA:0,Address.functionCall.0
DA:90,0
DA:99,30909
FN:99,Address.functionCall.1
FNDA:30909,Address.functionCall.1
DA:104,30909
DA:118,0
FN:118,Address.functionCallWithValue.0
FNDA:0,Address.functionCallWithValue.0
DA:119,0
DA:128,30909
FN:128,Address.functionCallWithValue.1
FNDA:30909,Address.functionCallWithValue.1
DA:134,30909
BRDA:134,2,0,0
BRDA:134,2,1,30909
DA:135,30909
DA:136,30909
DA:145,0
FN:145,Address.functionStaticCall.0
FNDA:0,Address.functionStaticCall.0
DA:146,0
DA:155,0
FN:155,Address.functionStaticCall.1
FNDA:0,Address.functionStaticCall.1
DA:160,0
DA:161,0
DA:170,18
FN:170,Address.functionDelegateCall.0
FNDA:18,Address.functionDelegateCall.0
DA:171,18
DA:180,18
FN:180,Address.functionDelegateCall.1
FNDA:18,Address.functionDelegateCall.1
DA:185,18
DA:186,18
DA:195,30927
FN:195,Address.verifyCallResultFromTarget
FNDA:30927,Address.verifyCallResultFromTarget
DA:201,30927
BRDA:201,3,0,30927
BRDA:201,3,1,18
DA:202,30927
BRDA:202,4,0,18
DA:205,18
BRDA:205,5,0,0
BRDA:205,5,1,18
DA:207,30927
DA:209,0
DA:219,0
FN:219,Address.verifyCallResult
FNDA:0,Address.verifyCallResult
DA:224,0
BRDA:224,6,0,-
BRDA:224,6,1,-
DA:225,0
DA:227,0
DA:231,0
FN:231,Address._revert
FNDA:0,Address._revert
DA:233,0
BRDA:233,7,0,-
BRDA:233,7,1,-
DA:237,0
DA:238,0
DA:241,0
FNF:13
FNH:6
LF:41
LH:18
BRF:15
BRH:5
end_of_record
TN:
SF:node_modules/@openzeppelin/contracts/utils/Checkpoints.sol
DA:34,0
FN:34,Checkpoints.getAtBlock
FNDA:0,Checkpoints.getAtBlock
DA:35,0
BRDA:35,0,0,-
BRDA:35,0,1,-
DA:36,0
DA:38,0
DA:39,0
DA:40,0
DA:49,0
FN:49,Checkpoints.getAtProbablyRecentBlock
FNDA:0,Checkpoints.getAtProbablyRecentBlock
DA:50,0
BRDA:50,1,0,-
BRDA:50,1,1,-
DA:51,0
DA:53,0
DA:55,0
DA:56,0
DA:58,0
BRDA:58,2,0,-
DA:59,0
DA:60,0
BRDA:60,3,0,-
BRDA:60,3,1,-
DA:61,0
DA:63,0
DA:67,0
DA:69,0
DA:77,0
FN:77,Checkpoints.push.0
FNDA:0,Checkpoints.push.0
DA:78,0
DA:87,0
FN:87,Checkpoints.push.1
FNDA:0,Checkpoints.push.1
DA:92,0
DA:98,0
FN:98,Checkpoints.latest.0
FNDA:0,Checkpoints.latest.0
DA:99,0
DA:100,0
DA:107,0
FN:107,Checkpoints.latestCheckpoint.0
FNDA:0,Checkpoints.latestCheckpoint.0
DA:110,0
DA:111,0
BRDA:111,4,0,-
BRDA:111,4,1,-
DA:112,0
DA:114,0
DA:115,0
DA:122,0
FN:122,Checkpoints.length.0
FNDA:0,Checkpoints.length.0
DA:123,0
DA:130,0
FN:130,Checkpoints._insert.0
FNDA:0,Checkpoints._insert.0
DA:131,0
DA:133,0
BRDA:133,5,0,-
BRDA:133,5,1,-
DA:135,0
DA:138,0
BRDA:138,6,0,-
BRDA:138,6,1,-
DA:141,0
BRDA:141,7,0,-
BRDA:141,7,1,-
DA:142,0
DA:144,0
DA:146,0
DA:148,0
DA:149,0
DA:159,0
FN:159,Checkpoints._upperBinaryLookup.0
FNDA:0,Checkpoints._upperBinaryLookup.0
DA:165,0
DA:166,0
DA:167,0
BRDA:167,8,0,-
BRDA:167,8,1,-
DA:168,0
DA:170,0
DA:173,0
DA:182,0
FN:182,Checkpoints._lowerBinaryLookup.0
FNDA:0,Checkpoints._lowerBinaryLookup.0
DA:188,0
DA:189,0
DA:190,0
BRDA:190,9,0,-
BRDA:190,9,1,-
DA:191,0
DA:193,0
DA:196,0
DA:202,0
FN:202,Checkpoints._unsafeAccess.0
FNDA:0,Checkpoints._unsafeAccess.0
DA:204,0
DA:205,0
DA:223,8
FN:223,Checkpoints.push.2
FNDA:8,Checkpoints.push.2
DA:224,8
DA:230,0
FN:230,Checkpoints.lowerLookup.0
FNDA:0,Checkpoints.lowerLookup.0
DA:231,0
DA:232,0
DA:233,0
DA:239,0
FN:239,Checkpoints.upperLookup.0
FNDA:0,Checkpoints.upperLookup.0
DA:240,0
DA:241,0
DA:242,0
DA:250,0
FN:250,Checkpoints.upperLookupRecent.0
FNDA:0,Checkpoints.upperLookupRecent.0
DA:251,0
DA:253,0
DA:254,0
DA:256,0
BRDA:256,10,0,-
DA:257,0
DA:258,0
BRDA:258,11,0,-
BRDA:258,11,1,-
DA:259,0
DA:261,0
DA:265,0
DA:267,0
DA:273,1
FN:273,Checkpoints.latest.1
FNDA:1,Checkpoints.latest.1
DA:274,1
DA:275,1
DA:282,0
FN:282,Checkpoints.latestCheckpoint.1
FNDA:0,Checkpoints.latestCheckpoint.1
DA:283,0
DA:284,0
BRDA:284,12,0,-
BRDA:284,12,1,-
DA:285,0
DA:287,0
DA:288,0
DA:295,0
FN:295,Checkpoints.length.1
FNDA:0,Checkpoints.length.1
DA:296,0
DA:303,8
FN:303,Checkpoints._insert.1
FNDA:8,Checkpoints._insert.1
DA:304,8
DA:306,8
BRDA:306,13,0,0
BRDA:306,13,1,0
DA:308,0
DA:311,0
BRDA:311,14,0,-
BRDA:311,14,1,-
DA:314,0
BRDA:314,15,0,-
BRDA:314,15,1,-
DA:315,0
DA:317,0
DA:319,0
DA:321,8
DA:322,8
DA:332,0
FN:332,Checkpoints._upperBinaryLookup.1
FNDA:0,Checkpoints._upperBinaryLookup.1
DA:338,0
DA:339,0
DA:340,0
BRDA:340,16,0,-
BRDA:340,16,1,-
DA:341,0
DA:343,0
DA:346,0
DA:355,0
FN:355,Checkpoints._lowerBinaryLookup.1
FNDA:0,Checkpoints._lowerBinaryLookup.1
DA:361,0
DA:362,0
DA:363,0
BRDA:363,17,0,-
BRDA:363,17,1,-
DA:364,0
DA:366,0
DA:369,0
DA:375,1
FN:375,Checkpoints._unsafeAccess.1
FNDA:1,Checkpoints._unsafeAccess.1
DA:380,1
DA:381,1
DA:399,0
FN:399,Checkpoints.push.3
FNDA:0,Checkpoints.push.3
DA:400,0
DA:406,0
FN:406,Checkpoints.lowerLookup.1
FNDA:0,Checkpoints.lowerLookup.1
DA:407,0
DA:408,0
DA:409,0
DA:415,0
FN:415,Checkpoints.upperLookup.1
FNDA:0,Checkpoints.upperLookup.1
DA:416,0
DA:417,0
DA:418,0
DA:426,0
FN:426,Checkpoints.upperLookupRecent.1
FNDA:0,Checkpoints.upperLookupRecent.1
DA:427,0
DA:429,0
DA:430,0
DA:432,0
BRDA:432,18,0,-
DA:433,0
DA:434,0
BRDA:434,19,0,-
BRDA:434,19,1,-
DA:435,0
DA:437,0
DA:441,0
DA:443,0
DA:449,0
FN:449,Checkpoints.latest.2
FNDA:0,Checkpoints.latest.2
DA:450,0
DA:451,0
DA:458,0
FN:458,Checkpoints.latestCheckpoint.2
FNDA:0,Checkpoints.latestCheckpoint.2
DA:459,0
DA:460,0
BRDA:460,20,0,-
BRDA:460,20,1,-
DA:461,0
DA:463,0
DA:464,0
DA:471,0
FN:471,Checkpoints.length.2
FNDA:0,Checkpoints.length.2
DA:472,0
DA:479,0
FN:479,Checkpoints._insert.2
FNDA:0,Checkpoints._insert.2
DA:480,0
DA:482,0
BRDA:482,21,0,-
BRDA:482,21,1,-
DA:484,0
DA:487,0
BRDA:487,22,0,-
BRDA:487,22,1,-
DA:490,0
BRDA:490,23,0,-
BRDA:490,23,1,-
DA:491,0
DA:493,0
DA:495,0
DA:497,0
DA:498,0
DA:508,0
FN:508,Checkpoints._upperBinaryLookup.2
FNDA:0,Checkpoints._upperBinaryLookup.2
DA:514,0
DA:515,0
DA:516,0
BRDA:516,24,0,-
BRDA:516,24,1,-
DA:517,0
DA:519,0
DA:522,0
DA:531,0
FN:531,Checkpoints._lowerBinaryLookup.2
FNDA:0,Checkpoints._lowerBinaryLookup.2
DA:537,0
DA:538,0
DA:539,0
BRDA:539,25,0,-
BRDA:539,25,1,-
DA:540,0
DA:542,0
DA:545,0
DA:551,0
FN:551,Checkpoints._unsafeAccess.2
FNDA:0,Checkpoints._unsafeAccess.2
DA:556,0
DA:557,0
FNF:33
FNH:4
LF:182
LH:13
BRF:49
BRH:0
end_of_record
TN:
SF:node_modules/@openzeppelin/contracts/utils/Context.sol
DA:17,109591
FN:17,Context._msgSender
FNDA:109591,Context._msgSender
DA:18,109591
DA:21,0
FN:21,Context._msgData
FNDA:0,Context._msgData
DA:22,0
DA:25,0
FN:25,Context._contextSuffixLength
FNDA:0,Context._contextSuffixLength
DA:26,0
FNF:3
FNH:1
LF:6
LH:2
BRF:0
BRH:0
end_of_record
TN:
SF:node_modules/@openzeppelin/contracts/utils/Counters.sol
DA:22,1
FN:22,Counters.current
FNDA:1,Counters.current
DA:23,1
DA:26,0
FN:26,Counters.increment
FNDA:0,Counters.increment
DA:28,0
DA:32,0
FN:32,Counters.decrement
FNDA:0,Counters.decrement
DA:33,0
DA:34,0
BRDA:34,0,0,-
BRDA:34,0,1,-
DA:36,0
DA:40,0
FN:40,Counters.reset
FNDA:0,Counters.reset
DA:41,0
FNF:4
FNH:1
LF:10
LH:2
BRF:2
BRH:0
end_of_record
TN:
SF:node_modules/@openzeppelin/contracts/utils/ShortStrings.sol
DA:52,646
FN:52,ShortStrings.toShortString
FNDA:646,ShortStrings.toShortString
DA:53,646
DA:54,646
BRDA:54,0,0,0
DA:55,0
DA:57,646
DA:63,0
FN:63,ShortStrings.toString
FNDA:0,ShortStrings.toString
DA:64,0
DA:66,0
DA:69,0
DA:70,0
DA:72,0
DA:78,0
FN:78,ShortStrings.byteLength
FNDA:0,ShortStrings.byteLength
DA:79,0
DA:80,0
BRDA:80,1,0,-
DA:81,0
DA:83,0
DA:89,646
FN:89,ShortStrings.toShortStringWithFallback
FNDA:646,ShortStrings.toShortStringWithFallback
DA:90,646
BRDA:90,2,0,646
BRDA:90,2,1,0
DA:91,646
DA:93,0
DA:94,0
DA:101,0
FN:101,ShortStrings.toStringWithFallback
FNDA:0,ShortStrings.toStringWithFallback
DA:102,0
BRDA:102,3,0,-
BRDA:102,3,1,-
DA:103,0
DA:105,0
DA:115,0
FN:115,ShortStrings.byteLengthWithFallback
FNDA:0,ShortStrings.byteLengthWithFallback
DA:116,0
BRDA:116,4,0,-
BRDA:116,4,1,-
DA:117,0
DA:119,0
FNF:6
FNH:2
LF:29
LH:7
BRF:8
BRH:1
end_of_record
TN:
SF:node_modules/@openzeppelin/contracts/utils/StorageSlot.sol
DA:62,64
FN:62,StorageSlot.getAddressSlot
FNDA:64,StorageSlot.getAddressSlot
DA:65,64
DA:72,1
FN:72,StorageSlot.getBooleanSlot
FNDA:1,StorageSlot.getBooleanSlot
DA:75,1
DA:82,0
FN:82,StorageSlot.getBytes32Slot
FNDA:0,StorageSlot.getBytes32Slot
DA:85,0
DA:92,0
FN:92,StorageSlot.getUint256Slot
FNDA:0,StorageSlot.getUint256Slot
DA:95,0
DA:102,0
FN:102,StorageSlot.getStringSlot.0
FNDA:0,StorageSlot.getStringSlot.0
DA:105,0
DA:112,0
FN:112,StorageSlot.getStringSlot.1
FNDA:0,StorageSlot.getStringSlot.1
DA:115,0
DA:122,0
FN:122,StorageSlot.getBytesSlot.0
FNDA:0,StorageSlot.getBytesSlot.0
DA:125,0
DA:132,0
FN:132,StorageSlot.getBytesSlot.1
FNDA:0,StorageSlot.getBytesSlot.1
DA:135,0
FNF:8
FNH:2
LF:16
LH:4
BRF:0
BRH:0
end_of_record
TN:
SF:node_modules/@openzeppelin/contracts/utils/Strings.sol
DA:19,0
FN:19,Strings.toString.0
FNDA:0,Strings.toString.0
DA:21,0
DA:22,0
DA:23,0
DA:26,0
DA:29,0
DA:32,0
DA:34,0
DA:35,0
BRDA:35,0,0,-
DA:37,0
DA:44,0
FN:44,Strings.toString.1
FNDA:0,Strings.toString.1
DA:45,0
DA:51,0
FN:51,Strings.toHexString.0
FNDA:0,Strings.toHexString.0
DA:53,0
DA:60,8
FN:60,Strings.toHexString.1
FNDA:8,Strings.toHexString.1
DA:61,8
DA:62,8
DA:63,8
DA:64,8
DA:65,416
DA:66,416
DA:68,8
BRDA:68,1,0,0
BRDA:68,1,1,8
DA:69,8
DA:75,4
FN:75,Strings.toHexString.2
FNDA:4,Strings.toHexString.2
DA:76,4
DA:82,0
FN:82,Strings.equal
FNDA:0,Strings.equal
DA:83,0
FNF:6
FNH:2
LF:27
LH:11
BRF:3
BRH:1
end_of_record
TN:
SF:node_modules/@openzeppelin/contracts/utils/cryptography/ECDSA.sol
DA:23,0
FN:23,ECDSA._throwError
FNDA:0,ECDSA._throwError
DA:24,0
BRDA:24,0,0,-
BRDA:24,0,1,-
DA:25,0
DA:26,0
BRDA:26,1,0,-
BRDA:26,1,1,-
DA:27,0
DA:28,0
BRDA:28,2,0,-
BRDA:28,2,1,-
DA:29,0
DA:30,0
BRDA:30,3,0,-
DA:31,0
DA:55,0
FN:55,ECDSA.tryRecover.0
FNDA:0,ECDSA.tryRecover.0
DA:56,0
BRDA:56,4,0,-
BRDA:56,4,1,-
DA:57,0
DA:58,0
DA:59,0
DA:64,0
DA:65,0
DA:66,0
DA:68,0
DA:70,0
DA:88,0
FN:88,ECDSA.recover.0
FNDA:0,ECDSA.recover.0
DA:89,0
DA:90,0
DA:91,0
DA:101,0
FN:101,ECDSA.tryRecover.1
FNDA:0,ECDSA.tryRecover.1
DA:102,0
DA:103,0
DA:104,0
DA:112,0
FN:112,ECDSA.recover.1
FNDA:0,ECDSA.recover.1
DA:113,0
DA:114,0
DA:115,0
DA:124,0
FN:124,ECDSA.tryRecover.2
FNDA:0,ECDSA.tryRecover.2
DA:134,0
BRDA:134,5,0,-
DA:135,0
DA:139,0
DA:140,0
BRDA:140,6,0,-
DA:141,0
DA:144,0
DA:151,0
FN:151,ECDSA.recover.2
FNDA:0,ECDSA.recover.2
DA:152,0
DA:153,0
DA:154,0
DA:165,0
FN:165,ECDSA.toEthSignedMessageHash.0
FNDA:0,ECDSA.toEthSignedMessageHash.0
DA:170,0
DA:171,0
DA:172,0
DA:184,0
FN:184,ECDSA.toEthSignedMessageHash.1
FNDA:0,ECDSA.toEthSignedMessageHash.1
DA:185,0
DA:197,0
FN:197,ECDSA.toTypedDataHash
FNDA:0,ECDSA.toTypedDataHash
DA:200,0
DA:201,0
DA:202,0
DA:203,0
DA:204,0
DA:214,0
FN:214,ECDSA.toDataWithIntendedValidatorHash
FNDA:0,ECDSA.toDataWithIntendedValidatorHash
DA:215,0
FNF:11
FNH:0
LF:56
LH:0
BRF:11
BRH:0
end_of_record
TN:
SF:node_modules/@openzeppelin/contracts/utils/cryptography/EIP712.sol
DA:67,323
FN:67,EIP712.constructor
FNDA:323,EIP712.constructor
DA:68,323
DA:69,323
DA:70,323
DA:71,323
DA:73,323
DA:74,323
DA:75,323
DA:81,0
FN:81,EIP712._domainSeparatorV4
FNDA:0,EIP712._domainSeparatorV4
DA:82,0
BRDA:82,0,0,-
BRDA:82,0,1,-
DA:83,0
DA:85,0
DA:89,323
FN:89,EIP712._buildDomainSeparator
FNDA:323,EIP712._buildDomainSeparator
DA:90,323
DA:108,0
FN:108,EIP712._hashTypedDataV4
FNDA:0,EIP712._hashTypedDataV4
DA:109,0
DA:117,0
FN:117,EIP712.eip712Domain
FNDA:0,EIP712.eip712Domain
DA:132,0
FNF:5
FNH:2
LF:18
LH:10
BRF:2
BRH:0
end_of_record
TN:
SF:node_modules/@openzeppelin/contracts/utils/introspection/ERC165.sol
DA:26,1
FN:26,ERC165.supportsInterface
FNDA:1,ERC165.supportsInterface
DA:27,1
FNF:1
FNH:1
LF:2
LH:2
BRF:0
BRH:0
end_of_record
TN:
SF:node_modules/@openzeppelin/contracts/utils/math/Math.sol
DA:19,0
FN:19,Math.max
FNDA:0,Math.max
DA:20,0
DA:26,0
FN:26,Math.min
FNDA:0,Math.min
DA:27,0
DA:34,5
FN:34,Math.average
FNDA:5,Math.average
DA:36,5
DA:45,0
FN:45,Math.ceilDiv
FNDA:0,Math.ceilDiv
DA:47,0
DA:55,1039
FN:55,Math.mulDiv.0
FNDA:1039,Math.mulDiv.0
DA:60,1039
DA:61,1039
DA:63,1039
DA:64,1039
DA:65,1039
DA:69,1039
BRDA:69,0,0,1039
DA:73,1039
DA:77,0
BRDA:77,1,0,-
BRDA:77,1,1,-
DA:84,0
DA:87,0
DA:90,0
DA:91,0
DA:98,0
DA:101,0
DA:104,0
DA:107,0
DA:111,0
DA:116,0
DA:120,0
DA:121,0
DA:122,0
DA:123,0
DA:124,0
DA:125,0
DA:131,0
DA:132,0
DA:139,1039
FN:139,Math.mulDiv.1
FNDA:1039,Math.mulDiv.1
DA:140,1039
DA:141,1039
BRDA:141,2,0,0
DA:142,0
DA:144,1039
DA:152,0
FN:152,Math.sqrt.0
FNDA:0,Math.sqrt.0
DA:153,0
BRDA:153,3,0,-
DA:154,0
DA:167,0
DA:174,0
DA:175,0
DA:176,0
DA:177,0
DA:178,0
DA:179,0
DA:180,0
DA:181,0
DA:188,0
FN:188,Math.sqrt.1
FNDA:0,Math.sqrt.1
DA:190,0
DA:191,0
DA:199,0
FN:199,Math.log2.0
FNDA:0,Math.log2.0
DA:200,0
DA:202,0
BRDA:202,4,0,-
DA:203,0
DA:204,0
DA:206,0
BRDA:206,5,0,-
DA:207,0
DA:208,0
DA:210,0
BRDA:210,6,0,-
DA:211,0
DA:212,0
DA:214,0
BRDA:214,7,0,-
DA:215,0
DA:216,0
DA:218,0
BRDA:218,8,0,-
DA:219,0
DA:220,0
DA:222,0
BRDA:222,9,0,-
DA:223,0
DA:224,0
DA:226,0
BRDA:226,10,0,-
DA:227,0
DA:228,0
DA:230,0
BRDA:230,11,0,-
DA:231,0
DA:234,0
DA:241,0
FN:241,Math.log2.1
FNDA:0,Math.log2.1
DA:243,0
DA:244,0
DA:252,0
FN:252,Math.log10.0
FNDA:0,Math.log10.0
DA:253,0
DA:255,0
BRDA:255,12,0,-
DA:256,0
DA:257,0
DA:259,0
BRDA:259,13,0,-
DA:260,0
DA:261,0
DA:263,0
BRDA:263,14,0,-
DA:264,0
DA:265,0
DA:267,0
BRDA:267,15,0,-
DA:268,0
DA:269,0
DA:271,0
BRDA:271,16,0,-
DA:272,0
DA:273,0
DA:275,0
BRDA:275,17,0,-
DA:276,0
DA:277,0
DA:279,0
BRDA:279,18,0,-
DA:280,0
DA:283,0
DA:290,0
FN:290,Math.log10.1
FNDA:0,Math.log10.1
DA:292,0
DA:293,0
DA:303,0
FN:303,Math.log256.0
FNDA:0,Math.log256.0
DA:304,0
DA:306,0
BRDA:306,19,0,-
DA:307,0
DA:308,0
DA:310,0
BRDA:310,20,0,-
DA:311,0
DA:312,0
DA:314,0
BRDA:314,21,0,-
DA:315,0
DA:316,0
DA:318,0
BRDA:318,22,0,-
DA:319,0
DA:320,0
DA:322,0
BRDA:322,23,0,-
DA:323,0
DA:326,0
DA:333,0
FN:333,Math.log256.1
FNDA:0,Math.log256.1
DA:335,0
DA:336,0
FNF:14
FNH:3
LF:130
LH:14
BRF:25
BRH:1
end_of_record
TN:
SF:node_modules/@openzeppelin/contracts/utils/math/SafeCast.sol
DA:35,0
FN:35,SafeCast.toUint248
FNDA:0,SafeCast.toUint248
DA:36,0
BRDA:36,0,0,-
BRDA:36,0,1,-
DA:37,0
DA:52,0
FN:52,SafeCast.toUint240
FNDA:0,SafeCast.toUint240
DA:53,0
BRDA:53,1,0,-
BRDA:53,1,1,-
DA:54,0
DA:69,0
FN:69,SafeCast.toUint232
FNDA:0,SafeCast.toUint232
DA:70,0
BRDA:70,2,0,-
BRDA:70,2,1,-
DA:71,0
DA:86,532
FN:86,SafeCast.toUint224
FNDA:532,SafeCast.toUint224
DA:87,532
BRDA:87,3,0,0
BRDA:87,3,1,532
DA:88,532
DA:103,0
FN:103,SafeCast.toUint216
FNDA:0,SafeCast.toUint216
DA:104,0
BRDA:104,4,0,-
BRDA:104,4,1,-
DA:105,0
DA:120,0
FN:120,SafeCast.toUint208
FNDA:0,SafeCast.toUint208
DA:121,0
BRDA:121,5,0,-
BRDA:121,5,1,-
DA:122,0
DA:137,0
FN:137,SafeCast.toUint200
FNDA:0,SafeCast.toUint200
DA:138,0
BRDA:138,6,0,-
BRDA:138,6,1,-
DA:139,0
DA:154,0
FN:154,SafeCast.toUint192
FNDA:0,SafeCast.toUint192
DA:155,0
BRDA:155,7,0,-
BRDA:155,7,1,-
DA:156,0
DA:171,0
FN:171,SafeCast.toUint184
FNDA:0,SafeCast.toUint184
DA:172,0
BRDA:172,8,0,-
BRDA:172,8,1,-
DA:173,0
DA:188,0
FN:188,SafeCast.toUint176
FNDA:0,SafeCast.toUint176
DA:189,0
BRDA:189,9,0,-
BRDA:189,9,1,-
DA:190,0
DA:205,0
FN:205,SafeCast.toUint168
FNDA:0,SafeCast.toUint168
DA:206,0
BRDA:206,10,0,-
BRDA:206,10,1,-
DA:207,0
DA:222,0
FN:222,SafeCast.toUint160
FNDA:0,SafeCast.toUint160
DA:223,0
BRDA:223,11,0,-
BRDA:223,11,1,-
DA:224,0
DA:239,0
FN:239,SafeCast.toUint152
FNDA:0,SafeCast.toUint152
DA:240,0
BRDA:240,12,0,-
BRDA:240,12,1,-
DA:241,0
DA:256,0
FN:256,SafeCast.toUint144
FNDA:0,SafeCast.toUint144
DA:257,0
BRDA:257,13,0,-
BRDA:257,13,1,-
DA:258,0
DA:273,0
FN:273,SafeCast.toUint136
FNDA:0,SafeCast.toUint136
DA:274,0
BRDA:274,14,0,-
BRDA:274,14,1,-
DA:275,0
DA:290,0
FN:290,SafeCast.toUint128
FNDA:0,SafeCast.toUint128
DA:291,0
BRDA:291,15,0,-
BRDA:291,15,1,-
DA:292,0
DA:307,0
FN:307,SafeCast.toUint120
FNDA:0,SafeCast.toUint120
DA:308,0
BRDA:308,16,0,-
BRDA:308,16,1,-
DA:309,0
DA:324,0
FN:324,SafeCast.toUint112
FNDA:0,SafeCast.toUint112
DA:325,0
BRDA:325,17,0,-
BRDA:325,17,1,-
DA:326,0
DA:341,0
FN:341,SafeCast.toUint104
FNDA:0,SafeCast.toUint104
DA:342,0
BRDA:342,18,0,-
BRDA:342,18,1,-
DA:343,0
DA:358,0
FN:358,SafeCast.toUint96
FNDA:0,SafeCast.toUint96
DA:359,0
BRDA:359,19,0,-
BRDA:359,19,1,-
DA:360,0
DA:375,0
FN:375,SafeCast.toUint88
FNDA:0,SafeCast.toUint88
DA:376,0
BRDA:376,20,0,-
BRDA:376,20,1,-
DA:377,0
DA:392,0
FN:392,SafeCast.toUint80
FNDA:0,SafeCast.toUint80
DA:393,0
BRDA:393,21,0,-
BRDA:393,21,1,-
DA:394,0
DA:409,0
FN:409,SafeCast.toUint72
FNDA:0,SafeCast.toUint72
DA:410,0
BRDA:410,22,0,-
BRDA:410,22,1,-
DA:411,0
DA:426,4
FN:426,SafeCast.toUint64
FNDA:4,SafeCast.toUint64
DA:427,4
BRDA:427,23,0,0
BRDA:427,23,1,4
DA:428,4
DA:443,0
FN:443,SafeCast.toUint56
FNDA:0,SafeCast.toUint56
DA:444,0
BRDA:444,24,0,-
BRDA:444,24,1,-
DA:445,0
DA:460,543
FN:460,SafeCast.toUint48
FNDA:543,SafeCast.toUint48
DA:461,543
BRDA:461,25,0,0
BRDA:461,25,1,543
DA:462,543
DA:477,0
FN:477,SafeCast.toUint40
FNDA:0,SafeCast.toUint40
DA:478,0
BRDA:478,26,0,-
BRDA:478,26,1,-
DA:479,0
DA:494,531
FN:494,SafeCast.toUint32
FNDA:531,SafeCast.toUint32
DA:495,531
BRDA:495,27,0,0
BRDA:495,27,1,531
DA:496,531
DA:511,0
FN:511,SafeCast.toUint24
FNDA:0,SafeCast.toUint24
DA:512,0
BRDA:512,28,0,-
BRDA:512,28,1,-
DA:513,0
DA:528,0
FN:528,SafeCast.toUint16
FNDA:0,SafeCast.toUint16
DA:529,0
BRDA:529,29,0,-
BRDA:529,29,1,-
DA:530,0
DA:545,0
FN:545,SafeCast.toUint8
FNDA:0,SafeCast.toUint8
DA:546,0
BRDA:546,30,0,-
BRDA:546,30,1,-
DA:547,0
DA:559,0
FN:559,SafeCast.toUint256
FNDA:0,SafeCast.toUint256
DA:560,0
BRDA:560,31,0,-
BRDA:560,31,1,-
DA:561,0
DA:577,0
FN:577,SafeCast.toInt248
FNDA:0,SafeCast.toInt248
DA:578,0
DA:579,0
BRDA:579,32,0,-
BRDA:579,32,1,-
DA:595,0
FN:595,SafeCast.toInt240
FNDA:0,SafeCast.toInt240
DA:596,0
DA:597,0
BRDA:597,33,0,-
BRDA:597,33,1,-
DA:613,0
FN:613,SafeCast.toInt232
FNDA:0,SafeCast.toInt232
DA:614,0
DA:615,0
BRDA:615,34,0,-
BRDA:615,34,1,-
DA:631,0
FN:631,SafeCast.toInt224
FNDA:0,SafeCast.toInt224
DA:632,0
DA:633,0
BRDA:633,35,0,-
BRDA:633,35,1,-
DA:649,0
FN:649,SafeCast.toInt216
FNDA:0,SafeCast.toInt216
DA:650,0
DA:651,0
BRDA:651,36,0,-
BRDA:651,36,1,-
DA:667,0
FN:667,SafeCast.toInt208
FNDA:0,SafeCast.toInt208
DA:668,0
DA:669,0
BRDA:669,37,0,-
BRDA:669,37,1,-
DA:685,0
FN:685,SafeCast.toInt200
FNDA:0,SafeCast.toInt200
DA:686,0
DA:687,0
BRDA:687,38,0,-
BRDA:687,38,1,-
DA:703,0
FN:703,SafeCast.toInt192
FNDA:0,SafeCast.toInt192
DA:704,0
DA:705,0
BRDA:705,39,0,-
BRDA:705,39,1,-
DA:721,0
FN:721,SafeCast.toInt184
FNDA:0,SafeCast.toInt184
DA:722,0
DA:723,0
BRDA:723,40,0,-
BRDA:723,40,1,-
DA:739,0
FN:739,SafeCast.toInt176
FNDA:0,SafeCast.toInt176
DA:740,0
DA:741,0
BRDA:741,41,0,-
BRDA:741,41,1,-
DA:757,0
FN:757,SafeCast.toInt168
FNDA:0,SafeCast.toInt168
DA:758,0
DA:759,0
BRDA:759,42,0,-
BRDA:759,42,1,-
DA:775,0
FN:775,SafeCast.toInt160
FNDA:0,SafeCast.toInt160
DA:776,0
DA:777,0
BRDA:777,43,0,-
BRDA:777,43,1,-
DA:793,0
FN:793,SafeCast.toInt152
FNDA:0,SafeCast.toInt152
DA:794,0
DA:795,0
BRDA:795,44,0,-
BRDA:795,44,1,-
DA:811,0
FN:811,SafeCast.toInt144
FNDA:0,SafeCast.toInt144
DA:812,0
DA:813,0
BRDA:813,45,0,-
BRDA:813,45,1,-
DA:829,0
FN:829,SafeCast.toInt136
FNDA:0,SafeCast.toInt136
DA:830,0
DA:831,0
BRDA:831,46,0,-
BRDA:831,46,1,-
DA:847,0
FN:847,SafeCast.toInt128
FNDA:0,SafeCast.toInt128
DA:848,0
DA:849,0
BRDA:849,47,0,-
BRDA:849,47,1,-
DA:865,0
FN:865,SafeCast.toInt120
FNDA:0,SafeCast.toInt120
DA:866,0
DA:867,0
BRDA:867,48,0,-
BRDA:867,48,1,-
DA:883,0
FN:883,SafeCast.toInt112
FNDA:0,SafeCast.toInt112
DA:884,0
DA:885,0
BRDA:885,49,0,-
BRDA:885,49,1,-
DA:901,0
FN:901,SafeCast.toInt104
FNDA:0,SafeCast.toInt104
DA:902,0
DA:903,0
BRDA:903,50,0,-
BRDA:903,50,1,-
DA:919,0
FN:919,SafeCast.toInt96
FNDA:0,SafeCast.toInt96
DA:920,0
DA:921,0
BRDA:921,51,0,-
BRDA:921,51,1,-
DA:937,0
FN:937,SafeCast.toInt88
FNDA:0,SafeCast.toInt88
DA:938,0
DA:939,0
BRDA:939,52,0,-
BRDA:939,52,1,-
DA:955,0
FN:955,SafeCast.toInt80
FNDA:0,SafeCast.toInt80
DA:956,0
DA:957,0
BRDA:957,53,0,-
BRDA:957,53,1,-
DA:973,0
FN:973,SafeCast.toInt72
FNDA:0,SafeCast.toInt72
DA:974,0
DA:975,0
BRDA:975,54,0,-
BRDA:975,54,1,-
DA:991,0
FN:991,SafeCast.toInt64
FNDA:0,SafeCast.toInt64
DA:992,0
DA:993,0
BRDA:993,55,0,-
BRDA:993,55,1,-
DA:1009,0
FN:1009,SafeCast.toInt56
FNDA:0,SafeCast.toInt56
DA:1010,0
DA:1011,0
BRDA:1011,56,0,-
BRDA:1011,56,1,-
DA:1027,0
FN:1027,SafeCast.toInt48
FNDA:0,SafeCast.toInt48
DA:1028,0
DA:1029,0
BRDA:1029,57,0,-
BRDA:1029,57,1,-
DA:1045,0
FN:1045,SafeCast.toInt40
FNDA:0,SafeCast.toInt40
DA:1046,0
DA:1047,0
BRDA:1047,58,0,-
BRDA:1047,58,1,-
DA:1063,0
FN:1063,SafeCast.toInt32
FNDA:0,SafeCast.toInt32
DA:1064,0
DA:1065,0
BRDA:1065,59,0,-
BRDA:1065,59,1,-
DA:1081,0
FN:1081,SafeCast.toInt24
FNDA:0,SafeCast.toInt24
DA:1082,0
DA:1083,0
BRDA:1083,60,0,-
BRDA:1083,60,1,-
DA:1099,0
FN:1099,SafeCast.toInt16
FNDA:0,SafeCast.toInt16
DA:1100,0
DA:1101,0
BRDA:1101,61,0,-
BRDA:1101,61,1,-
DA:1117,0
FN:1117,SafeCast.toInt8
FNDA:0,SafeCast.toInt8
DA:1118,0
DA:1119,0
BRDA:1119,62,0,-
BRDA:1119,62,1,-
DA:1131,0
FN:1131,SafeCast.toInt256
FNDA:0,SafeCast.toInt256
DA:1133,0
BRDA:1133,63,0,-
BRDA:1133,63,1,-
DA:1134,0
FNF:64
FNH:4
LF:192
LH:12
BRF:128
BRH:4
end_of_record
TN:
SF:node_modules/@openzeppelin/contracts/utils/math/SignedMath.sol
DA:13,0
FN:13,SignedMath.max
FNDA:0,SignedMath.max
DA:14,0
DA:20,0
FN:20,SignedMath.min
FNDA:0,SignedMath.min
DA:21,0
DA:28,0
FN:28,SignedMath.average
FNDA:0,SignedMath.average
DA:30,0
DA:31,0
DA:37,0
FN:37,SignedMath.abs
FNDA:0,SignedMath.abs
DA:40,0
FNF:4
FNH:0
LF:9
LH:0
BRF:0
BRH:0
end_of_record
TN:
SF:node_modules/@openzeppelin/contracts/utils/structs/DoubleEndedQueue.sol
DA:53,0
FN:53,DoubleEndedQueue.pushBack
FNDA:0,DoubleEndedQueue.pushBack
DA:54,0
DA:55,0
DA:57,0
DA:66,0
FN:66,DoubleEndedQueue.popBack
FNDA:0,DoubleEndedQueue.popBack
DA:67,0
BRDA:67,0,0,-
DA:68,0
DA:70,0
DA:72,0
DA:74,0
DA:80,0
FN:80,DoubleEndedQueue.pushFront
FNDA:0,DoubleEndedQueue.pushFront
DA:81,0
DA:83,0
DA:85,0
DA:86,0
DA:94,0
FN:94,DoubleEndedQueue.popFront
FNDA:0,DoubleEndedQueue.popFront
DA:95,0
BRDA:95,1,0,-
DA:96,0
DA:97,0
DA:100,0
DA:109,0
FN:109,DoubleEndedQueue.front
FNDA:0,DoubleEndedQueue.front
DA:110,0
BRDA:110,2,0,-
DA:111,0
DA:112,0
DA:120,0
FN:120,DoubleEndedQueue.back
FNDA:0,DoubleEndedQueue.back
DA:121,0
BRDA:121,3,0,-
DA:122,0
DA:124,0
DA:126,0
DA:135,0
FN:135,DoubleEndedQueue.at
FNDA:0,DoubleEndedQueue.at
DA:137,0
DA:138,0
BRDA:138,4,0,-
DA:139,0
DA:148,0
FN:148,DoubleEndedQueue.clear
FNDA:0,DoubleEndedQueue.clear
DA:149,0
DA:150,0
DA:156,0
FN:156,DoubleEndedQueue.length
FNDA:0,DoubleEndedQueue.length
DA:160,0
DA:167,1
FN:167,DoubleEndedQueue.empty
FNDA:1,DoubleEndedQueue.empty
DA:168,1
FNF:10
FNH:1
LF:40
LH:2
BRF:5
BRH:0
end_of_record
TN:
SF:script/Deploy.s.sol
DA:18,0
FN:18,Deploy.run
FNDA:0,Deploy.run
DA:19,0
DA:21,0
DA:23,0
DA:24,0
DA:25,0
DA:26,0
DA:27,0
DA:28,0
DA:29,0
DA:31,0
DA:32,0
DA:33,0
DA:34,0
DA:35,0
DA:37,0
DA:38,0
DA:39,0
DA:40,0
DA:42,0
DA:43,0
DA:44,0
DA:45,0
DA:46,0
DA:48,0
DA:50,0
DA:51,0
DA:52,0
DA:53,0
DA:54,0
DA:55,0
DA:56,0
DA:57,0
DA:58,0
DA:59,0
FNF:1
FNH:0
LF:35
LH:0
BRF:0
BRH:0
end_of_record
TN:
SF:script/VerifyPostDeploy.s.sol
DA:11,0
FN:11,VerifyPostDeploy.run
FNDA:0,VerifyPostDeploy.run
DA:12,0
DA:13,0
DA:15,0
DA:16,0
DA:18,0
BRDA:18,0,0,-
BRDA:18,0,1,-
DA:19,0
BRDA:19,1,0,-
BRDA:19,1,1,-
DA:20,0
BRDA:20,2,0,-
BRDA:20,2,1,-
DA:21,0
BRDA:21,3,0,-
BRDA:21,3,1,-
DA:22,0
BRDA:22,4,0,-
BRDA:22,4,1,-
DA:24,0
FNF:1
FNH:0
LF:11
LH:0
BRF:10
BRH:0
end_of_record
TN:
SF:src/AMM.sol
DA:26,23
FN:26,AMM.constructor
FNDA:23,AMM.constructor
DA:27,23
BRDA:27,0,0,0
BRDA:27,0,1,23
DA:28,23
BRDA:28,1,0,0
BRDA:28,1,1,23
DA:29,23
BRDA:29,2,0,0
BRDA:29,2,1,23
DA:30,23
DA:31,23
DA:34,5535
FN:34,AMM.addLiquidity
FNDA:5535,AMM.addLiquidity
DA:35,5535
BRDA:35,3,0,0
BRDA:35,3,1,5535
DA:37,5535
BRDA:37,4,0,22
BRDA:37,4,1,5513
DA:38,22
DA:40,5513
BRDA:40,5,0,0
BRDA:40,5,1,5513
DA:41,5513
DA:44,5535
BRDA:44,6,0,0
BRDA:44,6,1,5535
DA:45,5535
DA:46,5535
DA:48,5535
DA:49,5535
DA:50,5535
DA:52,5535
DA:55,1
FN:55,AMM.removeLiquidity
FNDA:1,AMM.removeLiquidity
DA:56,1
BRDA:56,7,0,0
BRDA:56,7,1,1
DA:58,1
DA:59,1
DA:60,1
DA:61,1
BRDA:61,8,0,0
BRDA:61,8,1,1
DA:63,1
DA:64,1
DA:65,1
DA:67,1
DA:68,1
DA:70,1
DA:73,1
FN:73,AMM.swapAForB.0
FNDA:1,AMM.swapAForB.0
DA:74,1
DA:77,4904
FN:77,AMM.swapAForB.1
FNDA:4904,AMM.swapAForB.1
DA:78,4905
DA:79,4905
BRDA:79,9,0,256
BRDA:79,9,1,4649
DA:81,4649
DA:82,4649
DA:84,4649
DA:85,4649
DA:87,4649
DA:90,1
FN:90,AMM.swapBForA.0
FNDA:1,AMM.swapBForA.0
DA:91,1
DA:94,5135
FN:94,AMM.swapBForA.1
FNDA:5135,AMM.swapBForA.1
DA:95,5136
DA:96,5136
BRDA:96,10,0,256
BRDA:96,10,1,4880
DA:98,4880
DA:99,4880
DA:101,4880
DA:102,4880
DA:104,4880
DA:107,768
FN:107,AMM.getAmountOut
FNDA:768,AMM.getAmountOut
DA:108,10809
BRDA:108,11,0,0
BRDA:108,11,1,10809
DA:109,10809
BRDA:109,12,0,0
BRDA:109,12,1,10809
DA:110,10809
DA:111,10809
DA:114,257
FN:114,AMM.sqrtSolidity
FNDA:257,AMM.sqrtSolidity
DA:115,257
BRDA:115,13,0,6
DA:116,251
DA:117,251
DA:118,8693
DA:119,8442
DA:120,8442
DA:122,251
DA:125,257
FN:125,AMM.sqrtAssembly
FNDA:257,AMM.sqrtAssembly
DA:126,279
BRDA:126,14,0,6
DA:129,273
DA:130,273
DA:131,10365
DA:132,10092
DA:133,10092
DA:138,256
FN:138,AMM.min
FNDA:256,AMM.min
DA:139,5769
FNF:11
FNH:11
LF:73
LH:73
BRF:28
BRH:18
end_of_record
TN:
SF:src/AssetReceipt.sol
DA:17,18
FN:17,AssetReceipt.constructor
FNDA:18,AssetReceipt.constructor
DA:18,18
BRDA:18,0,0,0
BRDA:18,0,1,18
DA:19,18
DA:20,18
DA:21,18
DA:24,2
FN:24,AssetReceipt.configureReceipt
FNDA:2,AssetReceipt.configureReceipt
DA:28,2
BRDA:28,1,0,0
BRDA:28,1,1,2
DA:29,2
BRDA:29,2,0,0
BRDA:29,2,1,2
DA:30,2
BRDA:30,3,0,0
BRDA:30,3,1,2
DA:31,2
DA:32,2
DA:33,2
DA:36,2
FN:36,AssetReceipt.mint
FNDA:2,AssetReceipt.mint
DA:37,2
BRDA:37,4,0,0
BRDA:37,4,1,2
DA:38,2
BRDA:38,5,0,0
BRDA:38,5,1,2
DA:39,2
BRDA:39,6,0,1
BRDA:39,6,1,1
DA:40,1
DA:41,1
DA:44,1
FN:44,AssetReceipt.uri
FNDA:1,AssetReceipt.uri
DA:45,1
DA:46,1
BRDA:46,7,0,0
DA:47,1
DA:50,0
FN:50,AssetReceipt.supportsInterface
FNDA:0,AssetReceipt.supportsInterface
DA:51,0
FNF:5
FNH:4
LF:24
LH:22
BRF:15
BRH:8
end_of_record
TN:
SF:src/AssetRegistry.sol
DA:41,18
FN:41,AssetRegistry.initialize
FNDA:18,AssetRegistry.initialize
DA:42,18
BRDA:42,0,0,0
BRDA:42,0,1,18
DA:43,18
BRDA:43,1,0,0
BRDA:43,1,1,18
DA:44,18
DA:45,18
DA:46,18
DA:47,18
DA:48,18
DA:49,18
DA:52,18
FN:52,AssetRegistry.authorizeIssuer
FNDA:18,AssetRegistry.authorizeIssuer
DA:53,18
BRDA:53,2,0,0
BRDA:53,2,1,18
DA:54,18
DA:55,18
DA:58,1
FN:58,AssetRegistry.revokeIssuer
FNDA:1,AssetRegistry.revokeIssuer
DA:59,1
DA:60,1
DA:63,4
FN:63,AssetRegistry.registerAsset
FNDA:4,AssetRegistry.registerAsset
DA:71,3
BRDA:71,3,0,0
BRDA:71,3,1,3
DA:72,3
BRDA:72,4,0,0
BRDA:72,4,1,3
DA:73,3
BRDA:73,5,0,0
BRDA:73,5,1,3
DA:74,3
BRDA:74,6,0,0
BRDA:74,6,1,3
DA:75,3
BRDA:75,7,0,0
BRDA:75,7,1,3
DA:76,3
BRDA:76,8,0,0
BRDA:76,8,1,3
DA:78,3
DA:87,3
DA:89,3
DA:92,2
FN:92,AssetRegistry.pauseAsset
FNDA:2,AssetRegistry.pauseAsset
DA:93,1
DA:96,1
FN:96,AssetRegistry.unpauseAsset
FNDA:1,AssetRegistry.unpauseAsset
DA:97,1
DA:100,0
FN:100,AssetRegistry.setAssetActive
FNDA:0,AssetRegistry.setAssetActive
DA:101,0
DA:104,2
FN:104,AssetRegistry._setAssetActive
FNDA:2,AssetRegistry._setAssetActive
DA:105,2
BRDA:105,9,0,0
BRDA:105,9,1,2
DA:106,2
DA:107,2
DA:110,3
FN:110,AssetRegistry.getAsset
FNDA:3,AssetRegistry.getAsset
DA:111,3
BRDA:111,10,0,0
BRDA:111,10,1,3
DA:112,3
DA:115,2
FN:115,AssetRegistry._authorizeUpgrade
FNDA:2,AssetRegistry._authorizeUpgrade
DA:116,1
BRDA:116,11,0,0
BRDA:116,11,1,1
FNF:10
FNH:9
LF:41
LH:39
BRF:24
BRH:12
end_of_record
TN:
SF:src/AssetRegistryV2.sol
DA:9,1
FN:9,AssetRegistryV2.version
FNDA:1,AssetRegistryV2.version
DA:10,1
DA:13,1
FN:13,AssetRegistryV2.pingV2
FNDA:1,AssetRegistryV2.pingV2
DA:14,1
FNF:2
FNH:2
LF:4
LH:4
BRF:0
BRH:0
end_of_record
TN:
SF:src/AssetToken.sol
DA:18,51
FN:18,AssetToken.constructor
FNDA:51,AssetToken.constructor
DA:19,51
DA:20,51
DA:21,51
DA:24,1040
FN:24,AssetToken.mint
FNDA:1040,AssetToken.mint
DA:25,1040
BRDA:25,0,0,1
BRDA:25,0,1,1039
DA:26,1039
BRDA:26,1,0,1
BRDA:26,1,1,1038
DA:27,1038
DA:28,1038
DA:31,257
FN:31,AssetToken.burn
FNDA:257,AssetToken.burn
DA:32,257
DA:33,257
DA:36,1
FN:36,AssetToken.burnFrom
FNDA:1,AssetToken.burnFrom
DA:37,1
DA:38,1
DA:41,260
FN:41,AssetToken.burnBackingFrom
FNDA:260,AssetToken.burnBackingFrom
DA:42,260
BRDA:42,2,0,0
BRDA:42,2,1,260
DA:43,260
DA:44,260
DA:47,2
FN:47,AssetToken.remainingSupply
FNDA:2,AssetToken.remainingSupply
DA:48,2
DA:51,1
FN:51,AssetToken.supportsInterface
FNDA:1,AssetToken.supportsInterface
DA:52,1
FNF:7
FNH:7
LF:23
LH:23
BRF:6
BRH:5
end_of_record
TN:
SF:src/AssetVault.sol
DA:24,44
FN:24,AssetVault.constructor
FNDA:44,AssetVault.constructor
DA:26,44
DA:28,44
BRDA:28,0,0,0
BRDA:28,0,1,44
DA:29,44
BRDA:29,1,0,0
BRDA:29,1,1,44
DA:30,44
DA:33,1
FN:33,AssetVault.backingAsset
FNDA:1,AssetVault.backingAsset
DA:34,1
DA:37,519
FN:37,AssetVault.deposit.0
FNDA:519,AssetVault.deposit.0
DA:38,519
DA:41,1
FN:41,AssetVault.deposit.1
FNDA:1,AssetVault.deposit.1
DA:42,1
DA:45,1
FN:45,AssetVault.mint
FNDA:1,AssetVault.mint
DA:46,1
DA:47,1
BRDA:47,2,0,0
BRDA:47,2,1,1
DA:48,1
DA:49,1
DA:50,1
DA:51,1
DA:54,258
FN:54,AssetVault.withdraw.0
FNDA:258,AssetVault.withdraw.0
DA:55,258
DA:58,1
FN:58,AssetVault.withdraw.1
FNDA:1,AssetVault.withdraw.1
DA:64,1
DA:67,1
FN:67,AssetVault.redeem
FNDA:1,AssetVault.redeem
DA:73,1
DA:74,1
BRDA:74,3,0,0
BRDA:74,3,1,1
DA:75,1
DA:76,1
DA:77,1
DA:80,2
FN:80,AssetVault.getReserveRatio
FNDA:2,AssetVault.getReserveRatio
DA:81,3
BRDA:81,4,0,1
DA:82,2
DA:85,1
FN:85,AssetVault.isHealthy
FNDA:1,AssetVault.isHealthy
DA:86,1
DA:89,520
FN:89,AssetVault._depositReserve
FNDA:520,AssetVault._depositReserve
DA:90,520
BRDA:90,5,0,1
BRDA:90,5,1,519
DA:91,519
DA:92,519
DA:93,519
DA:94,519
DA:97,259
FN:97,AssetVault._withdrawReserve
FNDA:259,AssetVault._withdrawReserve
DA:98,259
BRDA:98,6,0,0
BRDA:98,6,1,259
DA:99,259
BRDA:99,7,0,1
BRDA:99,7,1,258
DA:100,258
DA:101,258
DA:102,258
DA:105,520
FN:105,AssetVault._recordDeposit
FNDA:520,AssetVault._recordDeposit
DA:106,520
DA:107,520
DA:108,520
DA:111,259
FN:111,AssetVault._recordWithdrawal
FNDA:259,AssetVault._recordWithdrawal
DA:112,259
DA:113,259
DA:114,259
DA:117,259
FN:117,AssetVault._burnAssetToken
FNDA:259,AssetVault._burnAssetToken
DA:118,259
FNF:15
FNH:15
LF:55
LH:55
BRF:15
BRH:10
end_of_record
TN:
SF:src/Governance.sol
DA:20,264
FN:20,GovernanceToken.constructor
FNDA:264,GovernanceToken.constructor
DA:21,264
DA:24,3
FN:24,GovernanceToken.mint
FNDA:3,GovernanceToken.mint
DA:25,2
BRDA:25,0,0,1
BRDA:25,0,1,1
DA:26,1
DA:29,537
FN:29,GovernanceToken._afterTokenTransfer
FNDA:537,GovernanceToken._afterTokenTransfer
DA:30,537
DA:33,265
FN:33,GovernanceToken._mint
FNDA:265,GovernanceToken._mint
DA:34,265
DA:38,0
FN:38,GovernanceToken._burn
FNDA:0,GovernanceToken._burn
DA:39,0
DA:59,2
FN:59,ProtocolGovernor.votingDelay
FNDA:2,ProtocolGovernor.votingDelay
DA:60,4
DA:63,1
FN:63,ProtocolGovernor.votingPeriod
FNDA:1,ProtocolGovernor.votingPeriod
DA:64,3
DA:67,0
FN:67,ProtocolGovernor.quorum
FNDA:0,ProtocolGovernor.quorum
DA:73,2
DA:76,0
FN:76,ProtocolGovernor.state
FNDA:0,ProtocolGovernor.state
DA:77,4
DA:80,1
FN:80,ProtocolGovernor.proposalThreshold
FNDA:1,ProtocolGovernor.proposalThreshold
DA:81,3
DA:84,1
FN:84,ProtocolGovernor._execute
FNDA:1,ProtocolGovernor._execute
DA:91,1
DA:94,0
FN:94,ProtocolGovernor._cancel
FNDA:0,ProtocolGovernor._cancel
DA:100,0
DA:103,2
FN:103,ProtocolGovernor._executor
FNDA:2,ProtocolGovernor._executor
DA:104,2
DA:107,1
FN:107,ProtocolGovernor.supportsInterface
FNDA:1,ProtocolGovernor.supportsInterface
DA:113,1
FNF:14
FNH:10
LF:29
LH:23
BRF:2
BRH:2
end_of_record
TN:
SF:src/PriceOracle.sol
DA:22,9
FN:22,PriceOracle.constructor
FNDA:9,PriceOracle.constructor
DA:23,9
BRDA:23,0,0,0
BRDA:23,0,1,9
DA:24,9
BRDA:24,1,0,0
BRDA:24,1,1,9
DA:25,9
DA:26,9
DA:29,4
FN:29,PriceOracle.latestPrice
FNDA:4,PriceOracle.latestPrice
DA:30,4
DA:31,4
DA:32,4
BRDA:32,2,0,1
DA:33,3
BRDA:33,3,0,0
DA:34,3
BRDA:34,4,0,1
DA:36,2
BRDA:36,5,0,1
DA:37,1
FNF:2
FNH:2
LF:13
LH:13
BRF:8
BRH:5
end_of_record
TN:
SF:src/VaultFactory.sol
DA:9,1
FN:9,VaultFactory.createVault
FNDA:1,VaultFactory.createVault
DA:10,1
DA:11,1
DA:14,3
FN:14,VaultFactory.createVaultDeterministic
FNDA:3,VaultFactory.createVaultDeterministic
DA:18,3
DA:19,2
DA:22,1
FN:22,VaultFactory.predictVaultAddress
FNDA:1,VaultFactory.predictVaultAddress
DA:28,1
DA:29,1
DA:30,1
DA:31,1
FNF:3
FNH:3
LF:11
LH:11
BRF:0
BRH:0
end_of_record
TN:
SF:src/mocks/MockERC20.sol
DA:9,74
FN:9,MockERC20.constructor
FNDA:74,MockERC20.constructor
DA:10,74
DA:11,74
DA:14,39
FN:14,MockERC20.decimals
FNDA:39,MockERC20.decimals
DA:15,39
DA:18,20042
FN:18,MockERC20.mint
FNDA:20042,MockERC20.mint
DA:19,20042
FNF:3
FNH:3
LF:7
LH:7
BRF:0
BRH:0
end_of_record
TN:
SF:src/mocks/MockV3Aggregator.sol
DA:15,9
FN:15,MockV3Aggregator.constructor
FNDA:9,MockV3Aggregator.constructor
DA:16,9
DA:17,9
DA:18,9
DA:21,10
FN:21,MockV3Aggregator.updateAnswer
FNDA:10,MockV3Aggregator.updateAnswer
DA:22,10
DA:23,10
DA:24,10
DA:25,10
DA:26,10
DA:29,1
FN:29,MockV3Aggregator.setRoundData
FNDA:1,MockV3Aggregator.setRoundData
DA:36,1
DA:37,1
DA:38,1
DA:39,1
DA:40,1
DA:43,4
FN:43,MockV3Aggregator.latestRoundData
FNDA:4,MockV3Aggregator.latestRoundData
DA:44,4
FNF:4
FNH:4
LF:18
LH:18
BRF:0
BRH:0
end_of_record
TN:
SF:test/AMM.t.sol
DA:9,8
FN:9,MockToken.constructor
FNDA:8,MockToken.constructor
DA:10,8
DA:13,8
FN:13,MockToken.mint
FNDA:8,MockToken.mint
DA:14,8
FNF:2
FNH:2
LF:4
LH:4
BRF:0
BRH:0
end_of_record
TN:
SF:test/AssetVault.t.sol
DA:10,5
FN:10,MockBackingAsset.constructor
FNDA:5,MockBackingAsset.constructor
DA:11,5
DA:14,5
FN:14,MockBackingAsset.mint
FNDA:5,MockBackingAsset.mint
DA:15,5
FNF:2
FNH:2
LF:4
LH:4
BRF:0
BRH:0
end_of_record
TN:
SF:test/FuzzAndInvariant.t.sol
DA:17,18
FN:17,AMMHandler.constructor
FNDA:18,AMMHandler.constructor
DA:18,18
DA:19,18
DA:20,18
DA:23,4648
FN:23,AMMHandler.swapA
FNDA:4648,AMMHandler.swapA
DA:24,4648
DA:25,4648
DA:26,4648
DA:27,4648
BRDA:27,0,0,4648
DA:30,4879
FN:30,AMMHandler.swapB
FNDA:4879,AMMHandler.swapB
DA:31,4879
DA:32,4879
DA:33,4879
DA:34,4879
BRDA:34,1,0,4879
DA:37,5257
FN:37,AMMHandler.addLiquidity
FNDA:5257,AMMHandler.addLiquidity
DA:38,5257
DA:39,5257
DA:40,5257
DA:41,5257
DA:42,5257
DA:43,5257
DA:44,5257
BRDA:44,2,0,5257
FNF:4
FNH:4
LF:22
LH:22
BRF:3
BRH:3
end_of_record
TN:
SF:test/Governance.t.sol
DA:12,1
FN:12,TimelockTarget.store
FNDA:1,TimelockTarget.store
DA:13,1
FNF:1
FNH:1
LF:2
LH:2
BRF:0
BRH:0
end_of_record
TN:
SF:test/OracleAndSecurity.t.sol
DA:14,1
FN:14,VulnerableAccessControl.constructor.0
FNDA:1,VulnerableAccessControl.constructor.0
DA:15,1
DA:18,1
FN:18,VulnerableAccessControl.setAdmin
FNDA:1,VulnerableAccessControl.setAdmin
DA:19,1
DA:22,1
FN:22,VulnerableAccessControl.setPrivilegedValue.0
FNDA:1,VulnerableAccessControl.setPrivilegedValue.0
DA:23,1
BRDA:23,0,0,0
BRDA:23,0,1,1
DA:24,1
DA:32,2
FN:32,HardenedAccessControl.constructor.1
FNDA:2,HardenedAccessControl.constructor.1
DA:33,2
DA:34,2
DA:37,2
FN:37,HardenedAccessControl.setPrivilegedValue.1
FNDA:2,HardenedAccessControl.setPrivilegedValue.1
DA:38,1
DA:45,2
FN:45,VulnerableEtherVault.deposit.0
FNDA:2,VulnerableEtherVault.deposit.0
DA:46,2
DA:49,4
FN:49,VulnerableEtherVault.withdraw.0
FNDA:4,VulnerableEtherVault.withdraw.0
DA:50,4
DA:51,4
BRDA:51,1,0,0
BRDA:51,1,1,4
DA:52,4
DA:53,4
BRDA:53,2,0,0
BRDA:53,2,1,4
DA:54,4
DA:61,2
FN:61,HardenedEtherVault.deposit.1
FNDA:2,HardenedEtherVault.deposit.1
DA:62,2
DA:65,2
FN:65,HardenedEtherVault.withdraw.1
FNDA:2,HardenedEtherVault.withdraw.1
DA:66,1
DA:67,1
BRDA:67,3,0,0
BRDA:67,3,1,1
DA:68,1
DA:69,1
DA:70,1
BRDA:70,4,0,1
BRDA:70,4,1,0
DA:80,2
FN:80,ReentrancyAttacker.constructor.2
FNDA:2,ReentrancyAttacker.constructor.2
DA:81,2
DA:82,2
DA:85,1
FN:85,ReentrancyAttacker.attackVulnerable
FNDA:1,ReentrancyAttacker.attackVulnerable
DA:86,1
DA:87,1
DA:90,1
FN:90,ReentrancyAttacker.attackHardenedVault
FNDA:1,ReentrancyAttacker.attackHardenedVault
DA:91,1
DA:92,1
DA:93,1
DA:96,5
FN:96,ReentrancyAttacker.receive
FNDA:5,ReentrancyAttacker.receive
DA:97,5
DA:98,1
BRDA:98,5,0,1
BRDA:98,5,1,3
DA:99,1
BRDA:99,6,0,1
DA:100,4
BRDA:100,7,0,3
DA:101,3
FNF:13
FNH:13
LF:44
LH:44
BRF:14
BRH:9
end_of_record
